#
# A fatal error has been detected by the Java Runtime Environment:
#
#  EXCEPTION_ACCESS_VIOLATION (0xc0000005) at pc=0x00000000590b7a14, pid=18040, tid=0x0000000000004688
#
# JRE version: OpenJDK Runtime Environment (8.0_242-b01) (build 1.8.0_242-release-1644-b01)
# Java VM: OpenJDK 64-Bit Server VM (25.242-b01 mixed mode windows-amd64 compressed oops)
# Problematic frame:
# V  [jvm.dll+0x437a14]
#
# Failed to write core dump. Minidumps are not enabled by default on client versions of Windows
#
# If you would like to submit a bug report, please visit:
#   
#

---------------  T H R E A D  ---------------

Current thread (0x0000000016962800):  JavaThread "C2 CompilerThread0" daemon [_thread_in_native, id=18056, stack(0x0000000017fc0000,0x00000000180c0000)]

siginfo: ExceptionCode=0xc0000005, reading address 0x0000000026b1ea30

Registers:
RAX=0x000000001e91ea30, RBX=0x0000000000000000, RCX=0x000000001a68c252, RDX=0x0000000002080000
RSP=0x00000000180bc560, RBP=0xffffffffffffffff, RSI=0x000000001f6f4a88, RDI=0x000000001e5f9d40
R8 =0x00000000ffffffff, R9 =0x0000000000000001, R10=0x0000000000000062, R11=0x0000000000000050
R12=0x00000000180bc970, R13=0x0000000000000000, R14=0x0000000000000158, R15=0x000000000000002b
RIP=0x00000000590b7a14, EFLAGS=0x0000000000010287

Top of Stack: (sp=0x00000000180bc560)
0x00000000180bc560:   0000000034cc4820 00000000199af360
0x00000000180bc570:   000000001e8de630 ffffffffffffffff
0x00000000180bc580:   0000007900000558 000000001e5f9d40
0x00000000180bc590:   0000000000000010 0000000000000558
0x00000000180bc5a0:   0000000000000000 0000000000000000
0x00000000180bc5b0:   00000000180bc680 00000000000003d8
0x00000000180bc5c0:   0000000019461038 0000000019460c60
0x00000000180bc5d0:   00000000180bc700 0000000000000000
0x00000000180bc5e0:   00000000180bc970 0000000019460c50
0x00000000180bc5f0:   0000000000000000 00000000590babe4
0x00000000180bc600:   00000000180bc970 00000000180bc701
0x00000000180bc610:   00000000ffffffff 0000000000000002
0x00000000180bc620:   0000000000000006 0000000019460c50
0x00000000180bc630:   000000001f7bffd0 000000001f7c5940
0x00000000180bc640:   000000001f7c7fb8 00000000008bd998
0x00000000180bc650:   0000000000000006 000000001f9a6f70 

Instructions: (pc=0x00000000590b7a14)
0x00000000590b79f4:   00 49 c1 e6 03 0f 1f 80 00 00 00 00 48 8b 46 08
0x00000000590b7a04:   49 8b 0c 06 49 8b 84 24 28 01 00 00 48 63 51 28
0x00000000590b7a14:   8b 1c 90 85 db 0f 84 c0 01 00 00 45 84 c9 74 11
0x00000000590b7a24:   45 3b c7 75 0c 48 8b 06 48 8b ce ff 90 e0 00 00 


Register to memory mapping:

RAX=0x000000001e91ea30 is an unknown value
RBX=0x0000000000000000 is an unknown value
RCX=0x000000001a68c252 is an unknown value
RDX=0x0000000002080000 is an unknown value
RSP=0x00000000180bc560 is pointing into the stack for thread: 0x0000000016962800
RBP=0xffffffffffffffff is an unknown value
RSI=0x000000001f6f4a88 is an unknown value
RDI=0x000000001e5f9d40 is an unknown value
R8 =0x00000000ffffffff is an unknown value
R9 =0x0000000000000001 is an unknown value
R10=0x0000000000000062 is an unknown value
R11=0x0000000000000050 is an unknown value
R12=0x00000000180bc970 is pointing into the stack for thread: 0x0000000016962800
R13=0x0000000000000000 is an unknown value
R14=0x0000000000000158 is an unknown value
R15=0x000000000000002b is an unknown value


Stack: [0x0000000017fc0000,0x00000000180c0000],  sp=0x00000000180bc560,  free space=1009k
Native frames: (J=compiled Java code, j=interpreted, Vv=VM code, C=native code)
V  [jvm.dll+0x437a14]
V  [jvm.dll+0x43abe4]
V  [jvm.dll+0x4456ab]
V  [jvm.dll+0x447fa8]
V  [jvm.dll+0x42b072]
V  [jvm.dll+0x8230f]
V  [jvm.dll+0x82c7f]
V  [jvm.dll+0x220b7f]
V  [jvm.dll+0x27276a]
C  [msvcr100.dll+0x21d9f]
C  [msvcr100.dll+0x21e3b]
C  [KERNEL32.DLL+0x17034]
C  [ntdll.dll+0x4cec1]


Current CompileTask:
C2:9744014 28585 %     4       com.android.tools.r8.ir.regalloc.a::a @ 683 (1761 bytes)


---------------  P R O C E S S  ---------------

Java Threads: ( => current thread )
  0x000000002bb21000 JavaThread "ForkJoinPool-15-worker-0" daemon [_thread_in_Java, id=16936, stack(0x0000000034970000,0x0000000034a70000)]
  0x000000002bb22800 JavaThread "ForkJoinPool-15-worker-3" daemon [_thread_blocked, id=7220, stack(0x0000000034870000,0x0000000034970000)]
  0x000000002bb28000 JavaThread "ForkJoinPool-15-worker-2" daemon [_thread_blocked, id=20200, stack(0x0000000034770000,0x0000000034870000)]
  0x000000002bb27000 JavaThread "ForkJoinPool-15-worker-1" daemon [_thread_blocked, id=6916, stack(0x0000000034670000,0x0000000034770000)]
  0x000000002bb26800 JavaThread "WorkerExecutor Queue Thread 4" [_thread_blocked, id=19616, stack(0x00000000336b0000,0x00000000337b0000)]
  0x000000002bb25800 JavaThread "WorkerExecutor Queue Thread 3" [_thread_blocked, id=17672, stack(0x000000002efc0000,0x000000002f0c0000)]
  0x000000001a507800 JavaThread "WorkerExecutor Queue Thread 2" [_thread_blocked, id=18752, stack(0x000000002eec0000,0x000000002efc0000)]
  0x000000001a506800 JavaThread "WorkerExecutor Queue" [_thread_blocked, id=9164, stack(0x000000002d9e0000,0x000000002dae0000)]
  0x000000001a50c000 JavaThread "ForkJoinPool.commonPool-worker-2" daemon [_thread_blocked, id=13316, stack(0x000000002d440000,0x000000002d540000)]
  0x000000001a509800 JavaThread "ForkJoinPool.commonPool-worker-1" daemon [_thread_blocked, id=9880, stack(0x000000002d340000,0x000000002d440000)]
  0x0000000018df2000 JavaThread "ForkJoinPool.commonPool-worker-0" daemon [_thread_blocked, id=16016, stack(0x000000002d240000,0x000000002d340000)]
  0x0000000018df0800 JavaThread "Cache worker for Java compile cache (C:\Users\kma_s\Documents\PROJETOS ANDROID\ZENITECH\SIAC_MOBILE_VERSIONADO\.gradle\6.5\javaCompile)" [_thread_blocked, id=9984, stack(0x000000002d140000,0x000000002d240000)]
  0x0000000018de9000 JavaThread "Cache worker for execution history cache (C:\Users\kma_s\Documents\PROJETOS ANDROID\ZENITECH\SIAC_MOBILE_VERSIONADO\.gradle\6.5\executionHistory)" [_thread_blocked, id=18692, stack(0x000000002d040000,0x000000002d140000)]
  0x0000000018df0000 JavaThread "Execution worker for ':' Thread 3" [_thread_blocked, id=10652, stack(0x000000002cf40000,0x000000002d040000)]
  0x0000000018def000 JavaThread "Execution worker for ':' Thread 2" [_thread_blocked, id=11104, stack(0x000000002b3b0000,0x000000002b4b0000)]
  0x0000000018de7800 JavaThread "Execution worker for ':'" [_thread_blocked, id=5816, stack(0x000000002a8b0000,0x000000002a9b0000)]
  0x0000000018ded000 JavaThread "Cache worker for file content cache (C:\Users\kma_s\Documents\PROJETOS ANDROID\ZENITECH\SIAC_MOBILE_VERSIONADO\.gradle\6.5\fileContent)" [_thread_blocked, id=18220, stack(0x0000000029920000,0x0000000029a20000)]
  0x0000000018de8800 JavaThread "pool-37-thread-1" [_thread_blocked, id=20128, stack(0x0000000028e00000,0x0000000028f00000)]
  0x0000000018deb800 JavaThread "Cache worker for Build Output Cleanup Cache (C:\Users\kma_s\Documents\PROJETOS ANDROID\ZENITECH\SIAC_MOBILE_VERSIONADO\.gradle\buildOutputCleanup)" [_thread_blocked, id=16024, stack(0x0000000028900000,0x0000000028a00000)]
  0x000000001dc28800 JavaThread "jar transforms Thread 1656" [_thread_blocked, id=8068, stack(0x0000000028600000,0x0000000028700000)]
  0x000000001dc28000 JavaThread "jar transforms Thread 1655" [_thread_blocked, id=1644, stack(0x0000000028300000,0x0000000028400000)]
  0x000000001dc25800 JavaThread "jar transforms Thread 1654" [_thread_blocked, id=11300, stack(0x0000000028200000,0x0000000028300000)]
  0x000000001dc24000 JavaThread "jar transforms Thread 1653" [_thread_blocked, id=3068, stack(0x0000000028100000,0x0000000028200000)]
  0x000000001dc26800 JavaThread "jar transforms Thread 1652" [_thread_blocked, id=2852, stack(0x0000000028000000,0x0000000028100000)]
  0x000000001dc1c800 JavaThread "jar transforms Thread 1651" [_thread_blocked, id=5396, stack(0x0000000027f00000,0x0000000028000000)]
  0x000000001dc23000 JavaThread "jar transforms Thread 1650" [_thread_blocked, id=17380, stack(0x0000000027e00000,0x0000000027f00000)]
  0x000000001dc1e000 JavaThread "jar transforms Thread 1649" [_thread_blocked, id=10096, stack(0x0000000027d00000,0x0000000027e00000)]
  0x000000001dc1b800 JavaThread "jar transforms Thread 1648" [_thread_blocked, id=4632, stack(0x0000000027c00000,0x0000000027d00000)]
  0x000000001dc22800 JavaThread "jar transforms Thread 1647" [_thread_blocked, id=3576, stack(0x0000000027b00000,0x0000000027c00000)]
  0x000000001dc1e800 JavaThread "jar transforms Thread 1646" [_thread_blocked, id=3944, stack(0x0000000027a00000,0x0000000027b00000)]
  0x000000001dc21800 JavaThread "jar transforms Thread 1645" [_thread_blocked, id=15988, stack(0x0000000027900000,0x0000000027a00000)]
  0x000000001dc1b000 JavaThread "jar transforms Thread 1644" [_thread_blocked, id=14684, stack(0x0000000027800000,0x0000000027900000)]
  0x000000001dc20000 JavaThread "jar transforms Thread 1643" [_thread_blocked, id=14540, stack(0x0000000027700000,0x0000000027800000)]
  0x000000001dc1f800 JavaThread "jar transforms Thread 1642" [_thread_blocked, id=14956, stack(0x0000000027600000,0x0000000027700000)]
  0x000000001f2cf000 JavaThread "jar transforms Thread 1641" [_thread_blocked, id=19592, stack(0x0000000027500000,0x0000000027600000)]
  0x000000001f2d6000 JavaThread "jar transforms Thread 1640" [_thread_blocked, id=13560, stack(0x0000000027400000,0x0000000027500000)]
  0x000000001f2d5000 JavaThread "jar transforms Thread 1639" [_thread_blocked, id=11184, stack(0x0000000027300000,0x0000000027400000)]
  0x000000001f2d2000 JavaThread "jar transforms Thread 1638" [_thread_blocked, id=1368, stack(0x0000000027200000,0x0000000027300000)]
  0x000000001f2d4800 JavaThread "jar transforms Thread 1637" [_thread_blocked, id=11680, stack(0x0000000027100000,0x0000000027200000)]
  0x000000001f2d3000 JavaThread "jar transforms Thread 1636" [_thread_blocked, id=11344, stack(0x0000000027000000,0x0000000027100000)]
  0x000000001f2ce000 JavaThread "jar transforms Thread 1635" [_thread_blocked, id=3688, stack(0x0000000026f00000,0x0000000027000000)]
  0x000000001f2d1000 JavaThread "jar transforms Thread 1634" [_thread_blocked, id=10504, stack(0x0000000026e00000,0x0000000026f00000)]
  0x000000001f2d0800 JavaThread "jar transforms Thread 1633" [_thread_blocked, id=15408, stack(0x0000000026d00000,0x0000000026e00000)]
  0x000000001f2d3800 JavaThread "jar transforms Thread 1632" [_thread_blocked, id=8872, stack(0x0000000026c00000,0x0000000026d00000)]
  0x000000001f2cb000 JavaThread "jar transforms Thread 1631" [_thread_blocked, id=10796, stack(0x0000000026b00000,0x0000000026c00000)]
  0x000000001f2cf800 JavaThread "jar transforms Thread 1630" [_thread_blocked, id=9040, stack(0x0000000026a00000,0x0000000026b00000)]
  0x000000001f2c6800 JavaThread "jar transforms Thread 1629" [_thread_blocked, id=4768, stack(0x0000000026900000,0x0000000026a00000)]
  0x000000001f2ca800 JavaThread "jar transforms Thread 1628" [_thread_blocked, id=10904, stack(0x0000000026800000,0x0000000026900000)]
  0x000000001f2c9800 JavaThread "jar transforms Thread 1627" [_thread_blocked, id=19840, stack(0x0000000026700000,0x0000000026800000)]
  0x000000001f2c9000 JavaThread "jar transforms Thread 1626" [_thread_blocked, id=11068, stack(0x0000000026600000,0x0000000026700000)]
  0x000000001f2cd800 JavaThread "jar transforms Thread 1625" [_thread_blocked, id=9904, stack(0x0000000026500000,0x0000000026600000)]
  0x000000001f2cc000 JavaThread "jar transforms Thread 1624" [_thread_blocked, id=13232, stack(0x0000000026400000,0x0000000026500000)]
  0x0000000018d6b000 JavaThread "jar transforms Thread 1623" [_thread_blocked, id=17032, stack(0x0000000026300000,0x0000000026400000)]
  0x0000000018d69800 JavaThread "jar transforms Thread 1622" [_thread_blocked, id=11888, stack(0x0000000026200000,0x0000000026300000)]
  0x0000000018d68000 JavaThread "jar transforms Thread 1621" [_thread_blocked, id=15044, stack(0x0000000026100000,0x0000000026200000)]
  0x0000000018d67000 JavaThread "jar transforms Thread 1620" [_thread_blocked, id=19576, stack(0x0000000026000000,0x0000000026100000)]
  0x0000000018d66800 JavaThread "jar transforms Thread 1619" [_thread_blocked, id=8768, stack(0x0000000025f00000,0x0000000026000000)]
  0x0000000018d6a000 JavaThread "jar transforms Thread 1618" [_thread_blocked, id=5636, stack(0x0000000025e00000,0x0000000025f00000)]
  0x0000000018d5f000 JavaThread "jar transforms Thread 1617" [_thread_blocked, id=18156, stack(0x0000000025d00000,0x0000000025e00000)]
  0x0000000018d65800 JavaThread "jar transforms Thread 1616" [_thread_blocked, id=1404, stack(0x0000000025c00000,0x0000000025d00000)]
  0x0000000018d5d800 JavaThread "jar transforms Thread 1615" [_thread_blocked, id=10064, stack(0x0000000025b00000,0x0000000025c00000)]
  0x0000000018d64000 JavaThread "jar transforms Thread 1614" [_thread_blocked, id=18968, stack(0x0000000025a00000,0x0000000025b00000)]
  0x0000000018d5c800 JavaThread "jar transforms Thread 1613" [_thread_blocked, id=7384, stack(0x0000000025900000,0x0000000025a00000)]
  0x0000000018d5c000 JavaThread "jar transforms Thread 1612" [_thread_blocked, id=12700, stack(0x0000000025800000,0x0000000025900000)]
  0x0000000018d5f800 JavaThread "jar transforms Thread 1611" [_thread_blocked, id=13832, stack(0x0000000025700000,0x0000000025800000)]
  0x0000000018d61000 JavaThread "jar transforms Thread 1610" [_thread_blocked, id=14304, stack(0x0000000025600000,0x0000000025700000)]
  0x0000000018d62800 JavaThread "jar transforms Thread 1609" [_thread_blocked, id=20120, stack(0x0000000025500000,0x0000000025600000)]
  0x0000000018d5e000 JavaThread "jar transforms Thread 1608" [_thread_blocked, id=9600, stack(0x0000000025400000,0x0000000025500000)]
  0x0000000018d62000 JavaThread "jar transforms Thread 1607" [_thread_blocked, id=3816, stack(0x0000000025300000,0x0000000025400000)]
  0x0000000018d60800 JavaThread "jar transforms Thread 1606" [_thread_blocked, id=10984, stack(0x0000000025200000,0x0000000025300000)]
  0x0000000019859800 JavaThread "jar transforms Thread 1605" [_thread_blocked, id=13160, stack(0x0000000025100000,0x0000000025200000)]
  0x0000000019852000 JavaThread "jar transforms Thread 1604" [_thread_blocked, id=11340, stack(0x0000000025000000,0x0000000025100000)]
  0x0000000019859000 JavaThread "jar transforms Thread 1603" [_thread_blocked, id=4620, stack(0x0000000024f00000,0x0000000025000000)]
  0x0000000019856800 JavaThread "jar transforms Thread 1602" [_thread_blocked, id=7940, stack(0x0000000024e00000,0x0000000024f00000)]
  0x0000000019858000 JavaThread "jar transforms Thread 1601" [_thread_blocked, id=2040, stack(0x0000000024d00000,0x0000000024e00000)]
  0x0000000019853000 JavaThread "jar transforms Thread 1600" [_thread_blocked, id=13732, stack(0x0000000024c00000,0x0000000024d00000)]
  0x0000000019856000 JavaThread "jar transforms Thread 1599" [_thread_blocked, id=7548, stack(0x0000000024b00000,0x0000000024c00000)]
  0x0000000019854800 JavaThread "jar transforms Thread 1598" [_thread_blocked, id=1344, stack(0x0000000024a00000,0x0000000024b00000)]
  0x0000000019853800 JavaThread "jar transforms Thread 1597" [_thread_blocked, id=14128, stack(0x0000000024900000,0x0000000024a00000)]
  0x0000000019855000 JavaThread "jar transforms Thread 1596" [_thread_blocked, id=4048, stack(0x0000000024800000,0x0000000024900000)]
  0x0000000019857800 JavaThread "jar transforms Thread 1595" [_thread_blocked, id=9820, stack(0x0000000024700000,0x0000000024800000)]
  0x000000001984d000 JavaThread "jar transforms Thread 1594" [_thread_blocked, id=10812, stack(0x0000000024600000,0x0000000024700000)]
  0x000000001984a800 JavaThread "jar transforms Thread 1593" [_thread_blocked, id=336, stack(0x0000000024500000,0x0000000024600000)]
  0x0000000019851800 JavaThread "jar transforms Thread 1592" [_thread_blocked, id=8372, stack(0x0000000024400000,0x0000000024500000)]
  0x0000000019850800 JavaThread "jar transforms Thread 1591" [_thread_blocked, id=16280, stack(0x0000000024300000,0x0000000024400000)]
  0x000000001984c000 JavaThread "jar transforms Thread 1590" [_thread_blocked, id=3396, stack(0x0000000024200000,0x0000000024300000)]
  0x0000000019850000 JavaThread "jar transforms Thread 1589" [_thread_blocked, id=9256, stack(0x0000000024100000,0x0000000024200000)]
  0x000000001984f000 JavaThread "jar transforms Thread 1588" [_thread_blocked, id=12344, stack(0x0000000024000000,0x0000000024100000)]
  0x000000001ab04000 JavaThread "jar transforms Thread 1587" [_thread_blocked, id=14080, stack(0x0000000023f00000,0x0000000024000000)]
  0x000000001ab03800 JavaThread "jar transforms Thread 1586" [_thread_blocked, id=7832, stack(0x0000000023e00000,0x0000000023f00000)]
  0x000000001ab00800 JavaThread "jar transforms Thread 1585" [_thread_blocked, id=1500, stack(0x0000000023d00000,0x0000000023e00000)]
  0x000000001ab05800 JavaThread "jar transforms Thread 1584" [_thread_blocked, id=14528, stack(0x0000000023c00000,0x0000000023d00000)]
  0x000000001aaff800 JavaThread "jar transforms Thread 1583" [_thread_blocked, id=19860, stack(0x0000000023b00000,0x0000000023c00000)]
  0x000000001ab02800 JavaThread "jar transforms Thread 1582" [_thread_blocked, id=7388, stack(0x0000000023a00000,0x0000000023b00000)]
  0x000000001ab05000 JavaThread "jar transforms Thread 1581" [_thread_blocked, id=16492, stack(0x0000000023900000,0x0000000023a00000)]
  0x000000001ab02000 JavaThread "jar transforms Thread 1580" [_thread_blocked, id=11844, stack(0x0000000023800000,0x0000000023900000)]
  0x000000001aaf8000 JavaThread "jar transforms Thread 1579" [_thread_blocked, id=19672, stack(0x0000000023700000,0x0000000023800000)]
  0x000000001aaf9000 JavaThread "jar transforms Thread 1578" [_thread_blocked, id=17072, stack(0x0000000023600000,0x0000000023700000)]
  0x000000001aaff000 JavaThread "jar transforms Thread 1577" [_thread_blocked, id=6140, stack(0x0000000023500000,0x0000000023600000)]
  0x000000001aaf6800 JavaThread "jar transforms Thread 1576" [_thread_blocked, id=6036, stack(0x0000000023400000,0x0000000023500000)]
  0x000000001aafc800 JavaThread "jar transforms Thread 1575" [_thread_blocked, id=6440, stack(0x0000000023300000,0x0000000023400000)]
  0x000000001aaf7800 JavaThread "jar transforms Thread 1574" [_thread_blocked, id=15292, stack(0x0000000023200000,0x0000000023300000)]
  0x000000001aafc000 JavaThread "jar transforms Thread 1573" [_thread_blocked, id=15320, stack(0x0000000022f40000,0x0000000023040000)]
  0x000000001aafb000 JavaThread "jar transforms Thread 1572" [_thread_blocked, id=11992, stack(0x0000000022e40000,0x0000000022f40000)]
  0x000000001aafd800 JavaThread "jar transforms Thread 1571" [_thread_blocked, id=13064, stack(0x0000000022d40000,0x0000000022e40000)]
  0x000000001aafa800 JavaThread "jar transforms Thread 1570" [_thread_blocked, id=20316, stack(0x0000000022c40000,0x0000000022d40000)]
  0x000000001aaf9800 JavaThread "jar transforms Thread 1569" [_thread_blocked, id=11724, stack(0x0000000022b40000,0x0000000022c40000)]
  0x0000000018eee800 JavaThread "jar transforms Thread 1568" [_thread_blocked, id=16312, stack(0x0000000022a40000,0x0000000022b40000)]
  0x0000000018eee000 JavaThread "jar transforms Thread 1567" [_thread_blocked, id=816, stack(0x0000000022940000,0x0000000022a40000)]
  0x0000000018eec800 JavaThread "jar transforms Thread 1566" [_thread_blocked, id=12592, stack(0x0000000022840000,0x0000000022940000)]
  0x0000000018eeb800 JavaThread "jar transforms Thread 1565" [_thread_blocked, id=14488, stack(0x0000000022740000,0x0000000022840000)]
  0x0000000018eed000 JavaThread "Build operations Thread 4" [_thread_blocked, id=252, stack(0x0000000022640000,0x0000000022740000)]
  0x0000000018ef1800 JavaThread "Build operations Thread 3" [_thread_blocked, id=17484, stack(0x0000000022540000,0x0000000022640000)]
  0x0000000018ef1000 JavaThread "Build operations Thread 2" [_thread_blocked, id=17800, stack(0x0000000020b70000,0x0000000020c70000)]
  0x0000000018ef0000 JavaThread "Build operations" [_thread_blocked, id=2036, stack(0x0000000020370000,0x0000000020470000)]
  0x0000000018eeb000 JavaThread "Cache worker for cache directory md-rule (C:\Users\kma_s\.gradle\caches\6.5\md-rule)" [_thread_blocked, id=19224, stack(0x000000001f000000,0x000000001f100000)]
  0x0000000018ee8800 JavaThread "Cache worker for cache directory md-supplier (C:\Users\kma_s\.gradle\caches\6.5\md-supplier)" [_thread_blocked, id=14880, stack(0x000000001ef00000,0x000000001f000000)]
  0x0000000018ee3800 JavaThread "Cache worker for checksums cache (C:\Users\kma_s\Documents\PROJETOS ANDROID\ZENITECH\SIAC_MOBILE_VERSIONADO\.gradle\checksums)" [_thread_blocked, id=17520, stack(0x000000001ca00000,0x000000001cb00000)]
  0x0000000018ee6800 JavaThread "Cache worker for file hash cache (C:\Users\kma_s\Documents\PROJETOS ANDROID\ZENITECH\SIAC_MOBILE_VERSIONADO\.gradle\6.5\fileHashes)" [_thread_blocked, id=15240, stack(0x000000001c200000,0x000000001c300000)]
  0x0000000018ee5800 JavaThread "Thread-2082" [_thread_blocked, id=14484, stack(0x000000001bf00000,0x000000001c000000)]
  0x0000000018ee7000 JavaThread "Stdin handler" [_thread_blocked, id=3952, stack(0x000000001be00000,0x000000001bf00000)]
  0x0000000018ee8000 JavaThread "Asynchronous log dispatcher for DefaultDaemonConnection: socket connection from /127.0.0.1:55377 to /127.0.0.1:56227" [_thread_blocked, id=13464, stack(0x000000001b7a0000,0x000000001b8a0000)]
  0x0000000018eea000 JavaThread "Daemon worker Thread 18" [_thread_blocked, id=14424, stack(0x000000001b6a0000,0x000000001b7a0000)]
  0x0000000018ee2800 JavaThread "Cancel handler" [_thread_blocked, id=7968, stack(0x0000000001430000,0x0000000001530000)]
  0x0000000018ee9800 JavaThread "Handler for socket connection from /127.0.0.1:55377 to /127.0.0.1:56227" [_thread_in_native, id=12716, stack(0x0000000001330000,0x0000000001430000)]
  0x0000000018ee4000 JavaThread "Daemon Thread 18" [_thread_blocked, id=13924, stack(0x0000000001230000,0x0000000001330000)]
  0x0000000018eef800 JavaThread "Cache worker for Java compile cache (C:\Users\kma_s\.gradle\caches\6.5\javaCompile)" [_thread_blocked, id=14096, stack(0x000000002a7b0000,0x000000002a8b0000)]
  0x000000001dc27000 JavaThread "Memory manager" [_thread_blocked, id=15592, stack(0x0000000029ab0000,0x0000000029bb0000)]
  0x000000001a50a800 JavaThread "Cache worker for file content cache (C:\Users\kma_s\.gradle\caches\6.5\fileContent)" [_thread_blocked, id=16744, stack(0x0000000020c70000,0x0000000020d70000)]
  0x000000001a50d800 JavaThread "Cache worker for execution history cache (C:\Users\kma_s\.gradle\caches\6.5\executionHistory)" [_thread_blocked, id=11840, stack(0x0000000020470000,0x0000000020570000)]
  0x000000001a508000 JavaThread "Cache worker for file hash cache (C:\Users\kma_s\.gradle\caches\6.5\fileHashes)" [_thread_blocked, id=10844, stack(0x000000001c900000,0x000000001ca00000)]
  0x000000001a50c800 JavaThread "File lock request listener" [_thread_in_native, id=18472, stack(0x000000001c800000,0x000000001c900000)]
  0x000000001a72a800 JavaThread "Cache worker for journal cache (C:\Users\kma_s\.gradle\caches\journal-1)" [_thread_blocked, id=18800, stack(0x000000001c700000,0x000000001c800000)]
  0x000000001a3bb000 JavaThread "Daemon periodic checks" [_thread_blocked, id=4976, stack(0x000000001bb00000,0x000000001bc00000)]
  0x000000001a36d000 JavaThread "Incoming local TCP Connector on port 55377" [_thread_in_native, id=15280, stack(0x000000001b8a0000,0x000000001b9a0000)]
  0x000000001867f800 JavaThread "Daemon health stats" [_thread_blocked, id=512, stack(0x000000001b260000,0x000000001b360000)]
  0x00000000182e8800 JavaThread "Service Thread" daemon [_thread_blocked, id=2072, stack(0x00000000186c0000,0x00000000187c0000)]
  0x000000001697b800 JavaThread "C1 CompilerThread2" daemon [_thread_blocked, id=11020, stack(0x00000000181c0000,0x00000000182c0000)]
  0x000000001696a000 JavaThread "C2 CompilerThread1" daemon [_thread_blocked, id=6684, stack(0x00000000180c0000,0x00000000181c0000)]
=>0x0000000016962800 JavaThread "C2 CompilerThread0" daemon [_thread_in_native, id=18056, stack(0x0000000017fc0000,0x00000000180c0000)]
  0x0000000016966000 JavaThread "Attach Listener" daemon [_thread_blocked, id=19764, stack(0x0000000017ec0000,0x0000000017fc0000)]
  0x0000000016964800 JavaThread "Signal Dispatcher" daemon [_thread_blocked, id=16404, stack(0x0000000017dc0000,0x0000000017ec0000)]
  0x0000000002feb000 JavaThread "Finalizer" daemon [_thread_blocked, id=16820, stack(0x0000000017bb0000,0x0000000017cb0000)]
  0x0000000016949000 JavaThread "Reference Handler" daemon [_thread_blocked, id=9888, stack(0x0000000017ab0000,0x0000000017bb0000)]
  0x0000000002eee000 JavaThread "main" [_thread_blocked, id=18816, stack(0x0000000002de0000,0x0000000002ee0000)]

Other Threads:
  0x0000000016926000 VMThread [stack: 0x00000000179b0000,0x0000000017ab0000] [id=12872]
  0x00000000169bd000 WatcherThread [stack: 0x00000000187c0000,0x00000000188c0000] [id=18276]

VM state:not at safepoint (normal execution)

VM Mutex/Monitor currently owned by a thread: None

heap address: 0x00000000a0000000, size: 1536 MB, Compressed Oops mode: 32-bit
Narrow klass base: 0x0000000000000000, Narrow klass shift: 3
Compressed class space size: 1073741824 Address: 0x0000000100000000

Heap:
 PSYoungGen      total 397824K, used 103552K [0x00000000e0000000, 0x0000000100000000, 0x0000000100000000)
  eden space 282112K, 6% used [0x00000000e0000000,0x00000000e12cf9f8,0x00000000f1380000)
  from space 115712K, 72% used [0x00000000f1380000,0x00000000f65d0688,0x00000000f8480000)
  to   space 124928K, 0% used [0x00000000f8600000,0x00000000f8600000,0x0000000100000000)
 ParOldGen       total 276992K, used 250308K [0x00000000a0000000, 0x00000000b0e80000, 0x00000000e0000000)
  object space 276992K, 90% used [0x00000000a0000000,0x00000000af471060,0x00000000b0e80000)
 Metaspace       used 98061K, capacity 106022K, committed 106200K, reserved 1142784K
  class space    used 12534K, capacity 13820K, committed 13824K, reserved 1048576K

Card table byte_map: [0x00000000123b0000,0x00000000126c0000] byte_map_base: 0x0000000011eb0000

Marking Bits: (ParMarkBitMap*) 0x000000005944f030
 Begin Bits: [0x0000000012cc0000, 0x00000000144c0000)
 End Bits:   [0x00000000144c0000, 0x0000000015cc0000)

Polling page: 0x0000000001580000

CodeCache: size=245760Kb used=75412Kb max_used=75603Kb free=170347Kb
 bounds [0x0000000002ff0000, 0x0000000007a70000, 0x0000000011ff0000]
 total_blobs=21955 nmethods=21099 adapters=767
 compilation: enabled

Compilation events (10 events):
Event: 9743.921 Thread 0x000000001697b800 28681       3       com.android.tools.r8.code.A3::a (19 bytes)
Event: 9743.921 Thread 0x000000001697b800 nmethod 28681 0x00000000072392d0 code [0x0000000007239460, 0x0000000007239898]
Event: 9743.923 Thread 0x000000001697b800 28682       1       com.android.tools.r8.code.w::o (4 bytes)
Event: 9743.923 Thread 0x000000001697b800 nmethod 28682 0x000000000712f810 code [0x000000000712f960, 0x000000000712fa70]
Event: 9743.927 Thread 0x000000001697b800 28683       3       com.android.tools.r8.code.F3::k (8 bytes)
Event: 9743.928 Thread 0x000000001697b800 nmethod 28683 0x00000000050b7010 code [0x00000000050b7180, 0x00000000050b73d0]
Event: 9743.928 Thread 0x000000001697b800 28684       3       com.android.tools.r8.code.F3::a (19 bytes)
Event: 9743.928 Thread 0x000000001697b800 nmethod 28684 0x0000000007238b50 code [0x0000000007238ce0, 0x0000000007239118]
Event: 9743.931 Thread 0x000000001697b800 28685       1       com.android.tools.r8.code.v2::o (4 bytes)
Event: 9743.932 Thread 0x000000001697b800 nmethod 28685 0x0000000006435390 code [0x00000000064354e0, 0x00000000064355f0]

GC Heap History (10 events):
Event: 9415.201 GC heap before
{Heap before GC invocations=50 (full 5):
 PSYoungGen      total 387072K, used 349155K [0x00000000e0000000, 0x0000000100000000, 0x0000000100000000)
  eden space 267264K, 100% used [0x00000000e0000000,0x00000000f0500000,0x00000000f0500000)
  from space 119808K, 68% used [0x00000000f8980000,0x00000000fd978c70,0x00000000ffe80000)
  to   space 128512K, 0% used [0x00000000f0500000,0x00000000f0500000,0x00000000f8280000)
 ParOldGen       total 276992K, used 216632K [0x00000000a0000000, 0x00000000b0e80000, 0x00000000e0000000)
  object space 276992K, 78% used [0x00000000a0000000,0x00000000ad38e0d8,0x00000000b0e80000)
 Metaspace       used 97934K, capacity 105794K, committed 105944K, reserved 1140736K
  class space    used 12532K, capacity 13816K, committed 13824K, reserved 1048576K
Event: 9415.217 GC heap after
Heap after GC invocations=50 (full 5):
 PSYoungGen      total 395776K, used 21988K [0x00000000e0000000, 0x00000000ffd80000, 0x0000000100000000)
  eden space 267264K, 0% used [0x00000000e0000000,0x00000000e0000000,0x00000000f0500000)
  from space 128512K, 17% used [0x00000000f0500000,0x00000000f1a793b8,0x00000000f8280000)
  to   space 122880K, 0% used [0x00000000f8580000,0x00000000f8580000,0x00000000ffd80000)
 ParOldGen       total 276992K, used 217536K [0x00000000a0000000, 0x00000000b0e80000, 0x00000000e0000000)
  object space 276992K, 78% used [0x00000000a0000000,0x00000000ad470158,0x00000000b0e80000)
 Metaspace       used 97934K, capacity 105794K, committed 105944K, reserved 1140736K
  class space    used 12532K, capacity 13816K, committed 13824K, reserved 1048576K
}
Event: 9416.080 GC heap before
{Heap before GC invocations=51 (full 5):
 PSYoungGen      total 395776K, used 289206K [0x00000000e0000000, 0x00000000ffd80000, 0x0000000100000000)
  eden space 267264K, 99% used [0x00000000e0000000,0x00000000f04f4728,0x00000000f0500000)
  from space 128512K, 17% used [0x00000000f0500000,0x00000000f1a793b8,0x00000000f8280000)
  to   space 122880K, 0% used [0x00000000f8580000,0x00000000f8580000,0x00000000ffd80000)
 ParOldGen       total 276992K, used 217536K [0x00000000a0000000, 0x00000000b0e80000, 0x00000000e0000000)
  object space 276992K, 78% used [0x00000000a0000000,0x00000000ad470158,0x00000000b0e80000)
 Metaspace       used 97980K, capacity 105882K, committed 105944K, reserved 1140736K
  class space    used 12534K, capacity 13820K, committed 13824K, reserved 1048576K
Event: 9416.143 GC heap after
Heap after GC invocations=51 (full 5):
 PSYoungGen      total 395264K, used 69503K [0x00000000e0000000, 0x0000000100000000, 0x0000000100000000)
  eden space 272384K, 0% used [0x00000000e0000000,0x00000000e0000000,0x00000000f0a00000)
  from space 122880K, 56% used [0x00000000f8580000,0x00000000fc95fdd8,0x00000000ffd80000)
  to   space 125952K, 0% used [0x00000000f0a00000,0x00000000f0a00000,0x00000000f8500000)
 ParOldGen       total 276992K, used 227624K [0x00000000a0000000, 0x00000000b0e80000, 0x00000000e0000000)
  object space 276992K, 82% used [0x00000000a0000000,0x00000000ade4a160,0x00000000b0e80000)
 Metaspace       used 97980K, capacity 105882K, committed 105944K, reserved 1140736K
  class space    used 12534K, capacity 13820K, committed 13824K, reserved 1048576K
}
Event: 9741.858 GC heap before
{Heap before GC invocations=52 (full 5):
 PSYoungGen      total 395264K, used 341887K [0x00000000e0000000, 0x0000000100000000, 0x0000000100000000)
  eden space 272384K, 100% used [0x00000000e0000000,0x00000000f0a00000,0x00000000f0a00000)
  from space 122880K, 56% used [0x00000000f8580000,0x00000000fc95fdd8,0x00000000ffd80000)
  to   space 125952K, 0% used [0x00000000f0a00000,0x00000000f0a00000,0x00000000f8500000)
 ParOldGen       total 276992K, used 227624K [0x00000000a0000000, 0x00000000b0e80000, 0x00000000e0000000)
  object space 276992K, 82% used [0x00000000a0000000,0x00000000ade4a160,0x00000000b0e80000)
 Metaspace       used 98012K, capacity 105946K, committed 106200K, reserved 1142784K
  class space    used 12534K, capacity 13820K, committed 13824K, reserved 1048576K
Event: 9741.867 GC heap after
Heap after GC invocations=52 (full 5):
 PSYoungGen      total 284160K, used 11763K [0x00000000e0000000, 0x00000000ffc00000, 0x0000000100000000)
  eden space 272384K, 0% used [0x00000000e0000000,0x00000000e0000000,0x00000000f0a00000)
  from space 11776K, 99% used [0x00000000f0a00000,0x00000000f157ce58,0x00000000f1580000)
  to   space 122368K, 0% used [0x00000000f8480000,0x00000000f8480000,0x00000000ffc00000)
 ParOldGen       total 276992K, used 231572K [0x00000000a0000000, 0x00000000b0e80000, 0x00000000e0000000)
  object space 276992K, 83% used [0x00000000a0000000,0x00000000ae225008,0x00000000b0e80000)
 Metaspace       used 98012K, capacity 105946K, committed 106200K, reserved 1142784K
  class space    used 12534K, capacity 13820K, committed 13824K, reserved 1048576K
}
Event: 9743.037 GC heap before
{Heap before GC invocations=53 (full 5):
 PSYoungGen      total 284160K, used 277904K [0x00000000e0000000, 0x00000000ffc00000, 0x0000000100000000)
  eden space 272384K, 97% used [0x00000000e0000000,0x00000000f03e7568,0x00000000f0a00000)
  from space 11776K, 99% used [0x00000000f0a00000,0x00000000f157ce58,0x00000000f1580000)
  to   space 122368K, 0% used [0x00000000f8480000,0x00000000f8480000,0x00000000ffc00000)
 ParOldGen       total 276992K, used 231572K [0x00000000a0000000, 0x00000000b0e80000, 0x00000000e0000000)
  object space 276992K, 83% used [0x00000000a0000000,0x00000000ae225008,0x00000000b0e80000)
 Metaspace       used 98058K, capacity 106022K, committed 106200K, reserved 1142784K
  class space    used 12534K, capacity 13820K, committed 13824K, reserved 1048576K
Event: 9743.059 GC heap after
Heap after GC invocations=53 (full 5):
 PSYoungGen      total 404480K, used 29931K [0x00000000e0000000, 0x0000000100000000, 0x0000000100000000)
  eden space 282112K, 0% used [0x00000000e0000000,0x00000000e0000000,0x00000000f1380000)
  from space 122368K, 24% used [0x00000000f8480000,0x00000000fa1bac40,0x00000000ffc00000)
  to   space 115712K, 0% used [0x00000000f1380000,0x00000000f1380000,0x00000000f8480000)
 ParOldGen       total 276992K, used 235224K [0x00000000a0000000, 0x00000000b0e80000, 0x00000000e0000000)
  object space 276992K, 84% used [0x00000000a0000000,0x00000000ae5b6230,0x00000000b0e80000)
 Metaspace       used 98058K, capacity 106022K, committed 106200K, reserved 1142784K
  class space    used 12534K, capacity 13820K, committed 13824K, reserved 1048576K
}
Event: 9743.823 GC heap before
{Heap before GC invocations=54 (full 5):
 PSYoungGen      total 404480K, used 312043K [0x00000000e0000000, 0x0000000100000000, 0x0000000100000000)
  eden space 282112K, 100% used [0x00000000e0000000,0x00000000f1380000,0x00000000f1380000)
  from space 122368K, 24% used [0x00000000f8480000,0x00000000fa1bac40,0x00000000ffc00000)
  to   space 115712K, 0% used [0x00000000f1380000,0x00000000f1380000,0x00000000f8480000)
 ParOldGen       total 276992K, used 235224K [0x00000000a0000000, 0x00000000b0e80000, 0x00000000e0000000)
  object space 276992K, 84% used [0x00000000a0000000,0x00000000ae5b6230,0x00000000b0e80000)
 Metaspace       used 98060K, capacity 106022K, committed 106200K, reserved 1142784K
  class space    used 12534K, capacity 13820K, committed 13824K, reserved 1048576K
Event: 9743.900 GC heap after
Heap after GC invocations=54 (full 5):
 PSYoungGen      total 397824K, used 84289K [0x00000000e0000000, 0x0000000100000000, 0x0000000100000000)
  eden space 282112K, 0% used [0x00000000e0000000,0x00000000e0000000,0x00000000f1380000)
  from space 115712K, 72% used [0x00000000f1380000,0x00000000f65d0688,0x00000000f8480000)
  to   space 124928K, 0% used [0x00000000f8600000,0x00000000f8600000,0x0000000100000000)
 ParOldGen       total 276992K, used 250308K [0x00000000a0000000, 0x00000000b0e80000, 0x00000000e0000000)
  object space 276992K, 90% used [0x00000000a0000000,0x00000000af471060,0x00000000b0e80000)
 Metaspace       used 98060K, capacity 106022K, committed 106200K, reserved 1142784K
  class space    used 12534K, capacity 13820K, committed 13824K, reserved 1048576K
}

Deoptimization events (10 events):
Event: 9281.671 Thread 0x0000000018ee9800 Uncommon trap: reason=bimorphic action=maybe_recompile pc=0x0000000003141f48 method=com.android.tools.r8.q.a.a.a.J.test(Ljava/lang/Object;)Z @ 2
Event: 9281.671 Thread 0x0000000018ee9800 Uncommon trap: reason=bimorphic action=maybe_recompile pc=0x0000000003141f48 method=com.android.tools.r8.q.a.a.a.J.test(Ljava/lang/Object;)Z @ 2
Event: 9281.671 Thread 0x0000000018ee9800 Uncommon trap: reason=bimorphic action=maybe_recompile pc=0x0000000003141f48 method=com.android.tools.r8.q.a.a.a.J.test(Ljava/lang/Object;)Z @ 2
Event: 9281.671 Thread 0x0000000018ee9800 Uncommon trap: reason=bimorphic action=maybe_recompile pc=0x0000000003141f48 method=com.android.tools.r8.q.a.a.a.J.test(Ljava/lang/Object;)Z @ 2
Event: 9415.217 Thread 0x0000000018ee9800 Uncommon trap: reason=null_check action=make_not_entrant pc=0x0000000004fbd4ec method=com.sun.tools.javac.util.UnsharedNameTable.fromUtf([BII)Lcom/sun/tools/javac/util/Name; @ 50
Event: 9741.806 Thread 0x0000000018eea000 Uncommon trap: reason=null_check action=make_not_entrant pc=0x0000000007488368 method=org.gradle.api.internal.tasks.properties.bean.AbstractNestedRuntimeBeanNode$BeanPropertyValue.isProvider()Z @ 9
Event: 9742.346 Thread 0x0000000018de7800 Uncommon trap: reason=array_check action=maybe_recompile pc=0x0000000006c3f978 method=java.util.ComparableTimSort.mergeHi(IIII)V @ 171
Event: 9742.349 Thread 0x0000000018de7800 Uncommon trap: reason=array_check action=maybe_recompile pc=0x0000000006c3f978 method=java.util.ComparableTimSort.mergeHi(IIII)V @ 171
Event: 9742.804 Thread 0x000000001a507800 Uncommon trap: reason=unstable_if action=reinterpret pc=0x00000000077e027c method=com.android.tools.r8.ir.conversion.N.b(ILcom/android/tools/r8/graph/s;)V @ 51
Event: 9742.835 Thread 0x000000001a507800 Uncommon trap: reason=unstable_if action=reinterpret pc=0x0000000003af9410 method=java.util.HashMap.getNode(ILjava/lang/Object;)Ljava/util/HashMap$Node; @ 84

Classes redefined (0 events):
No events

Internal exceptions (10 events):
Event: 9742.221 Thread 0x0000000018de7800 Exception <a 'sun/nio/fs/WindowsException'> (0x00000000e41789e8) thrown at [C:\src\AOSP-openjdk-git\hotspot\src\share\vm\prims\jni.cpp, line 710]
Event: 9742.221 Thread 0x0000000018de7800 Exception <a 'sun/nio/fs/WindowsException'> (0x00000000e4179758) thrown at [C:\src\AOSP-openjdk-git\hotspot\src\share\vm\prims\jni.cpp, line 710]
Event: 9742.221 Thread 0x0000000018de7800 Exception <a 'sun/nio/fs/WindowsException'> (0x00000000e417b620) thrown at [C:\src\AOSP-openjdk-git\hotspot\src\share\vm\prims\jni.cpp, line 710]
Event: 9742.222 Thread 0x0000000018de7800 Exception <a 'sun/nio/fs/WindowsException'> (0x00000000e417c3a0) thrown at [C:\src\AOSP-openjdk-git\hotspot\src\share\vm\prims\jni.cpp, line 710]
Event: 9742.648 Thread 0x0000000018def000 Exception <a 'sun/nio/fs/WindowsException'> (0x00000000e7c7a918) thrown at [C:\src\AOSP-openjdk-git\hotspot\src\share\vm\prims\jni.cpp, line 710]
Event: 9742.648 Thread 0x0000000018def000 Exception <a 'sun/nio/fs/WindowsException'> (0x00000000e7c7b680) thrown at [C:\src\AOSP-openjdk-git\hotspot\src\share\vm\prims\jni.cpp, line 710]
Event: 9742.774 Thread 0x000000001a507800 Exception <a 'sun/nio/fs/WindowsException'> (0x00000000ea2987d8) thrown at [C:\src\AOSP-openjdk-git\hotspot\src\share\vm\prims\jni.cpp, line 710]
Event: 9742.862 Thread 0x000000001a507800 Exception <a 'sun/nio/fs/WindowsException'> (0x00000000ebe3d8e0) thrown at [C:\src\AOSP-openjdk-git\hotspot\src\share\vm\prims\jni.cpp, line 710]
Event: 9742.864 Thread 0x000000001a507800 Exception <a 'sun/nio/fs/WindowsException'> (0x00000000ebede288) thrown at [C:\src\AOSP-openjdk-git\hotspot\src\share\vm\prims\jni.cpp, line 710]
Event: 9743.034 Thread 0x000000001a506800 Exception <a 'sun/nio/fs/WindowsException'> (0x00000000ef9055e0) thrown at [C:\src\AOSP-openjdk-git\hotspot\src\share\vm\prims\jni.cpp, line 710]

Events (10 events):
Event: 9743.244 Executing VM operation: RevokeBias
Event: 9743.245 Executing VM operation: RevokeBias done
Event: 9743.248 Executing VM operation: RevokeBias
Event: 9743.248 Executing VM operation: RevokeBias done
Event: 9743.251 Executing VM operation: RevokeBias
Event: 9743.251 Executing VM operation: RevokeBias done
Event: 9743.251 Executing VM operation: RevokeBias
Event: 9743.251 Executing VM operation: RevokeBias done
Event: 9743.823 Executing VM operation: ParallelGCFailedAllocation
Event: 9743.900 Executing VM operation: ParallelGCFailedAllocation done


Dynamic libraries:
0x00007ff77cc20000 - 0x00007ff77cc51000 	C:\Program Files\Android\Android Studio\jre\bin\java.exe
0x00007ffaef7b0000 - 0x00007ffaef9a6000 	C:\WINDOWS\SYSTEM32\ntdll.dll
0x00007ffaeef50000 - 0x00007ffaef00d000 	C:\WINDOWS\System32\KERNEL32.DLL
0x00007ffaecfc0000 - 0x00007ffaed288000 	C:\WINDOWS\System32\KERNELBASE.dll
0x00007ffaef350000 - 0x00007ffaef3fc000 	C:\WINDOWS\System32\ADVAPI32.dll
0x00007ffaee0c0000 - 0x00007ffaee15e000 	C:\WINDOWS\System32\msvcrt.dll
0x00007ffaed870000 - 0x00007ffaed90b000 	C:\WINDOWS\System32\sechost.dll
0x00007ffaef100000 - 0x00007ffaef224000 	C:\WINDOWS\System32\RPCRT4.dll
0x00007ffaef400000 - 0x00007ffaef5a0000 	C:\WINDOWS\System32\USER32.dll
0x00007ffaed550000 - 0x00007ffaed572000 	C:\WINDOWS\System32\win32u.dll
0x00007ffaeda30000 - 0x00007ffaeda5a000 	C:\WINDOWS\System32\GDI32.dll
0x00007ffaed290000 - 0x00007ffaed399000 	C:\WINDOWS\System32\gdi32full.dll
0x00007ffaecef0000 - 0x00007ffaecf8d000 	C:\WINDOWS\System32\msvcp_win.dll
0x00007ffaed580000 - 0x00007ffaed680000 	C:\WINDOWS\System32\ucrtbase.dll
0x00007ffadd820000 - 0x00007ffaddabb000 	C:\WINDOWS\WinSxS\amd64_microsoft.windows.common-controls_6595b64144ccf1df_6.0.19041.488_none_ca04af081b815d21\COMCTL32.dll
0x00007ffaef690000 - 0x00007ffaef6c0000 	C:\WINDOWS\System32\IMM32.DLL
0x000000005a0a0000 - 0x000000005a172000 	C:\Program Files\Android\Android Studio\jre\jre\bin\msvcr100.dll
0x0000000058c80000 - 0x00000000594cb000 	C:\Program Files\Android\Android Studio\jre\jre\bin\server\jvm.dll
0x00007ffaeda60000 - 0x00007ffaeda68000 	C:\WINDOWS\System32\PSAPI.DLL
0x00007ffae5e20000 - 0x00007ffae5e47000 	C:\WINDOWS\SYSTEM32\WINMM.dll
0x00007ffaea680000 - 0x00007ffaea689000 	C:\WINDOWS\SYSTEM32\WSOCK32.dll
0x00007ffaee390000 - 0x00007ffaee3fb000 	C:\WINDOWS\System32\WS2_32.dll
0x00007ffae60d0000 - 0x00007ffae60da000 	C:\WINDOWS\SYSTEM32\VERSION.dll
0x00007ffae8a20000 - 0x00007ffae8a2f000 	C:\Program Files\Android\Android Studio\jre\jre\bin\verify.dll
0x00007ffae8980000 - 0x00007ffae89a9000 	C:\Program Files\Android\Android Studio\jre\jre\bin\java.dll
0x00007ffae42f0000 - 0x00007ffae4306000 	C:\Program Files\Android\Android Studio\jre\jre\bin\zip.dll
0x00007ffaee490000 - 0x00007ffaeebd1000 	C:\WINDOWS\System32\SHELL32.dll
0x00007ffaeaf40000 - 0x00007ffaeb6d5000 	C:\WINDOWS\SYSTEM32\windows.storage.dll
0x00007ffaeebe0000 - 0x00007ffaeef35000 	C:\WINDOWS\System32\combase.dll
0x00007ffaec890000 - 0x00007ffaec8bc000 	C:\WINDOWS\SYSTEM32\Wldp.dll
0x00007ffaef6c0000 - 0x00007ffaef76e000 	C:\WINDOWS\System32\SHCORE.dll
0x00007ffaed810000 - 0x00007ffaed865000 	C:\WINDOWS\System32\shlwapi.dll
0x00007ffaece20000 - 0x00007ffaece46000 	C:\WINDOWS\SYSTEM32\profapi.dll
0x00007ffaddbd0000 - 0x00007ffaddbea000 	C:\Program Files\Android\Android Studio\jre\jre\bin\net.dll
0x00007ffaec5d0000 - 0x00007ffaec63a000 	C:\WINDOWS\system32\mswsock.dll
0x00007ffaddbb0000 - 0x00007ffaddbc3000 	C:\Program Files\Android\Android Studio\jre\jre\bin\nio.dll
0x00007ffad60c0000 - 0x00007ffad60e7000 	C:\Users\kma_s\.gradle\native\f6784746aeab05261644944871eae4fe03e0ef1612fff0a4a95f87b438bc6780\windows-amd64\native-platform.dll
0x00007ffae89d0000 - 0x00007ffae89dd000 	C:\Program Files\Android\Android Studio\jre\jre\bin\management.dll
0x00007ffaec7c0000 - 0x00007ffaec7d8000 	C:\WINDOWS\SYSTEM32\CRYPTSP.dll
0x00007ffaebf60000 - 0x00007ffaebf94000 	C:\WINDOWS\system32\rsaenh.dll
0x00007ffaecf90000 - 0x00007ffaecfb7000 	C:\WINDOWS\System32\bcrypt.dll
0x00007ffaecde0000 - 0x00007ffaece0e000 	C:\WINDOWS\SYSTEM32\USERENV.dll
0x00007ffaed6e0000 - 0x00007ffaed75f000 	C:\WINDOWS\System32\bcryptprimitives.dll
0x00007ffaec7e0000 - 0x00007ffaec7ec000 	C:\WINDOWS\SYSTEM32\CRYPTBASE.dll
0x00007ffaec2d0000 - 0x00007ffaec30b000 	C:\WINDOWS\SYSTEM32\IPHLPAPI.DLL
0x00007ffaeef40000 - 0x00007ffaeef48000 	C:\WINDOWS\System32\NSI.dll
0x00007ffae7720000 - 0x00007ffae7737000 	C:\WINDOWS\SYSTEM32\dhcpcsvc6.DLL
0x00007ffae76b0000 - 0x00007ffae76cd000 	C:\WINDOWS\SYSTEM32\dhcpcsvc.DLL
0x00007ffaec310000 - 0x00007ffaec3db000 	C:\WINDOWS\SYSTEM32\DNSAPI.dll
0x00007ffae7740000 - 0x00007ffae774b000 	C:\WINDOWS\SYSTEM32\WINNSI.DLL
0x00007ffadbcd0000 - 0x00007ffadbeb4000 	C:\WINDOWS\SYSTEM32\dbghelp.dll

VM Arguments:
jvm_args: -Xmx1536m -Dfile.encoding=windows-1252 -Duser.country=BR -Duser.language=pt -Duser.variant 
java_command: org.gradle.launcher.daemon.bootstrap.GradleDaemon 6.5
java_class_path (initial): C:\Users\kma_s\.gradle\wrapper\dists\gradle-6.5-all\2oz4ud9k3tuxjg84bbf55q0tn\gradle-6.5\lib\gradle-launcher-6.5.jar
Launcher Type: SUN_STANDARD

Environment Variables:
JAVA_HOME=C:\Program Files\Java\jdk-13.0.1
PATH=C:\WINDOWS\system32;C:\WINDOWS;C:\WINDOWS\System32\Wbem;C:\WINDOWS\System32\WindowsPowerShell\v1.0\;C:\WINDOWS\System32\OpenSSH\;C:\Program Files\dotnet\;C:\Program Files\TortoiseSVN\bin;C:\Program Files\Git\cmd;C:\flutter\bin;C:\Users\kma_s\AppData\Local\Microsoft\WindowsApps;C:\Users\kma_s\AppData\Local\Programs\Microsoft VS Code\bin;C:\Users\kma_s\AppData\Local\GitHubDesktop\bin;%USERPROFILE%\AppData\Local\Microsoft\WindowsApps;
USERNAME=kma_s
OS=Windows_NT
PROCESSOR_IDENTIFIER=Intel64 Family 6 Model 60 Stepping 3, GenuineIntel



---------------  S Y S T E M  ---------------

OS: Windows 10.0 , 64 bit Build 19041 (10.0.19041.546)

CPU:total 4 (initial active 4) (4 cores per cpu, 1 threads per core) family 6 model 60 stepping 3, cmov, cx8, fxsr, mmx, sse, sse2, sse3, ssse3, sse4.1, sse4.2, popcnt, avx, avx2, aes, clmul, erms, lzcnt, tsc, tscinvbit, bmi1, bmi2

Memory: 4k page, physical 8252640k(2062652k free), swap 15592672k(7305716k free)

vm_info: OpenJDK 64-Bit Server VM (25.242-b01) for windows-amd64 JRE (1.8.0_242-release-1644-b01), built by "builder" with MS VC++ 10.0 (VS2010)

time: Tue Nov 24 12:36:26 2020
timezone: Hora Padrão de Buenos Aires
elapsed time: 9744 seconds (0d 2h 42m 24s)

