#
# A fatal error has been detected by the Java Runtime Environment:
#
#  EXCEPTION_ACCESS_VIOLATION (0xc0000005) at pc=0x00007ffb6870842d, pid=7160, tid=8504
#
# JRE version: OpenJDK Runtime Environment (11.0.8+10) (build 11.0.8+10-b944.6842174)
# Java VM: OpenJDK 64-Bit Server VM (11.0.8+10-b944.6842174, mixed mode, tiered, compressed oops, g1 gc, windows-amd64)
# Problematic frame:
# V  [jvm.dll+0x24842d]
#
# No core dump will be written. Minidumps are not enabled by default on client versions of Windows
#
# If you would like to submit a bug report, please visit:
#   https://bugreport.java.com/bugreport/crash.jsp
#

---------------  S U M M A R Y ------------

Command Line: --add-opens=java.base/java.util=ALL-UNNAMED --add-opens=java.base/java.lang=ALL-UNNAMED --add-opens=java.base/java.lang.invoke=ALL-UNNAMED --add-opens=java.prefs/java.util.prefs=ALL-UNNAMED -Xmx1536m -Dfile.encoding=windows-1252 -Duser.country=BR -Duser.language=pt -Duser.variant org.gradle.launcher.daemon.bootstrap.GradleDaemon 6.8.3

Host: Intel(R) Core(TM) i5-4670K CPU @ 3.40GHz, 4 cores, 7G,  Windows 10 , 64 bit Build 19041 (10.0.19041.1151)
Time: Wed Sep  8 11:00:52 2021 Hora Padrão de Buenos Aires elapsed time: 7 seconds (0d 0h 0m 7s)

---------------  T H R E A D  ---------------

Current thread (0x000002012bf4c800):  JavaThread "Daemon worker" [_thread_in_vm, id=8504, stack(0x000000b4ff500000,0x000000b4ff600000)]

Stack: [0x000000b4ff500000,0x000000b4ff600000],  sp=0x000000b4ff5f96c0,  free space=997k
Native frames: (J=compiled Java code, j=interpreted, Vv=VM code, C=native code)
V  [jvm.dll+0x24842d]
V  [jvm.dll+0x24a3cd]
V  [jvm.dll+0x36ab74]
V  [jvm.dll+0x368bcb]
C  0x0000020114dad906

Java frames: (J=compiled Java code, j=interpreted, Vv=VM code)
j  org.codehaus.groovy.ast.VariableScope.<init>()V+0
j  org.codehaus.groovy.ast.MethodNode.setParameters([Lorg/codehaus/groovy/ast/Parameter;)V+8
j  org.codehaus.groovy.ast.MethodNode.<init>(Ljava/lang/String;ILorg/codehaus/groovy/ast/ClassNode;[Lorg/codehaus/groovy/ast/Parameter;[Lorg/codehaus/groovy/ast/ClassNode;Lorg/codehaus/groovy/ast/stmt/Statement;)V+38
j  org.codehaus.groovy.vmplugin.v5.Java5.configureClassNode(Lorg/codehaus/groovy/ast/CompileUnit;Lorg/codehaus/groovy/ast/ClassNode;)V+196
j  org.codehaus.groovy.ast.ClassNode.lazyClassInit()V+50
j  org.codehaus.groovy.ast.ClassNode.getUnresolvedSuperClass(Z)Lorg/codehaus/groovy/ast/ClassNode;+26
j  org.codehaus.groovy.ast.ClassNode.getUnresolvedSuperClass()Lorg/codehaus/groovy/ast/ClassNode;+2
j  org.gradle.groovy.scripts.internal.GradleResolveVisitor.checkCyclicInheritance(Lorg/codehaus/groovy/ast/ClassNode;Lorg/codehaus/groovy/ast/ClassNode;[Lorg/codehaus/groovy/ast/ClassNode;)V+157
j  org.gradle.groovy.scripts.internal.GradleResolveVisitor.checkCyclicInheritance(Lorg/codehaus/groovy/ast/ClassNode;Lorg/codehaus/groovy/ast/ClassNode;[Lorg/codehaus/groovy/ast/ClassNode;)V+161
j  org.gradle.groovy.scripts.internal.GradleResolveVisitor.checkCyclicInheritance(Lorg/codehaus/groovy/ast/ClassNode;Lorg/codehaus/groovy/ast/ClassNode;[Lorg/codehaus/groovy/ast/ClassNode;)V+161
j  org.gradle.groovy.scripts.internal.GradleResolveVisitor.checkCyclicInheritance(Lorg/codehaus/groovy/ast/ClassNode;Lorg/codehaus/groovy/ast/ClassNode;[Lorg/codehaus/groovy/ast/ClassNode;)V+161
j  org.gradle.groovy.scripts.internal.GradleResolveVisitor.checkCyclicInheritance(Lorg/codehaus/groovy/ast/ClassNode;Lorg/codehaus/groovy/ast/ClassNode;[Lorg/codehaus/groovy/ast/ClassNode;)V+161
j  org.gradle.groovy.scripts.internal.GradleResolveVisitor.visitClass(Lorg/codehaus/groovy/ast/ClassNode;)V+605
j  org.gradle.groovy.scripts.internal.GradleResolveVisitor.startResolving(Lorg/codehaus/groovy/ast/ClassNode;Lorg/codehaus/groovy/control/SourceUnit;)V+7
j  org.codehaus.groovy.control.CompilationUnit$13.call(Lorg/codehaus/groovy/control/SourceUnit;)V+79
j  org.codehaus.groovy.control.CompilationUnit.applyToSourceUnits(Lorg/codehaus/groovy/control/CompilationUnit$SourceUnitOperation;)V+79
j  org.codehaus.groovy.control.CompilationUnit.doPhaseOperation(Ljava/lang/Object;)V+30
j  org.codehaus.groovy.control.CompilationUnit.compile(I)V+42
j  groovy.lang.GroovyClassLoader.doParseClass(Lgroovy/lang/GroovyCodeSource;)Ljava/lang/Class;+168
j  groovy.lang.GroovyClassLoader.access$300(Lgroovy/lang/GroovyClassLoader;Lgroovy/lang/GroovyCodeSource;)Ljava/lang/Class;+2
j  groovy.lang.GroovyClassLoader$5.provide(Ljava/lang/String;)Ljava/lang/Class;+8
j  groovy.lang.GroovyClassLoader$5.provide(Ljava/lang/Object;)Ljava/lang/Object;+5
j  org.codehaus.groovy.runtime.memoize.ConcurrentCommonCache.getAndPut(Ljava/lang/Object;Lorg/codehaus/groovy/runtime/memoize/MemoizeCache$ValueProvider;Z)Ljava/lang/Object;+115
j  groovy.lang.GroovyClassLoader.parseClass(Lgroovy/lang/GroovyCodeSource;Z)Ljava/lang/Class;+24
j  org.gradle.groovy.scripts.internal.DefaultScriptCompilationHandler.compileScript(Lorg/gradle/groovy/scripts/ScriptSource;Ljava/lang/ClassLoader;Lorg/codehaus/groovy/control/CompilerConfiguration;Ljava/io/File;Lorg/gradle/groovy/scripts/internal/CompileOperation;Lorg/gradle/api/Action;)V+153
j  org.gradle.groovy.scripts.internal.DefaultScriptCompilationHandler.compileToDir(Lorg/gradle/groovy/scripts/ScriptSource;Ljava/lang/ClassLoader;Ljava/io/File;Ljava/io/File;Lorg/gradle/groovy/scripts/internal/CompileOperation;Ljava/lang/Class;Lorg/gradle/api/Action;)V+56
j  org.gradle.groovy.scripts.internal.BuildOperationBackedScriptCompilationHandler$2.run(Lorg/gradle/internal/operations/BuildOperationContext;)V+35
j  org.gradle.internal.operations.DefaultBuildOperationRunner$1.execute(Lorg/gradle/internal/operations/RunnableBuildOperation;Lorg/gradle/internal/operations/BuildOperationContext;)V+2
j  org.gradle.internal.operations.DefaultBuildOperationRunner$1.execute(Lorg/gradle/internal/operations/BuildOperation;Lorg/gradle/internal/operations/BuildOperationContext;)V+6
j  org.gradle.internal.operations.DefaultBuildOperationRunner$3.execute(Lorg/gradle/internal/operations/BuildOperationDescriptor;Lorg/gradle/internal/operations/BuildOperationState;Lorg/gradle/internal/operations/BuildOperationState;Lorg/gradle/internal/operations/DefaultBuildOperationRunner$ReadableBuildOperationContext;Lorg/gradle/internal/operations/DefaultBuildOperationRunner$BuildOperationExecutionListener;)Lorg/gradle/internal/operations/BuildOperation;+22
j  org.gradle.internal.operations.DefaultBuildOperationRunner$3.execute(Lorg/gradle/internal/operations/BuildOperationDescriptor;Lorg/gradle/internal/operations/BuildOperationState;Lorg/gradle/internal/operations/BuildOperationState;Lorg/gradle/internal/operations/DefaultBuildOperationRunner$ReadableBuildOperationContext;Lorg/gradle/internal/operations/DefaultBuildOperationRunner$BuildOperationExecutionListener;)Ljava/lang/Object;+8
j  org.gradle.internal.operations.DefaultBuildOperationRunner.execute(Lorg/gradle/internal/operations/BuildOperationDescriptor$Builder;Lorg/gradle/internal/operations/BuildOperationState;Lorg/gradle/internal/operations/DefaultBuildOperationRunner$BuildOperationExecution;)Ljava/lang/Object;+134
j  org.gradle.internal.operations.DefaultBuildOperationRunner.execute(Lorg/gradle/internal/operations/BuildOperation;Lorg/gradle/internal/operations/BuildOperationWorker;Lorg/gradle/internal/operations/BuildOperationState;)V+18
j  org.gradle.internal.operations.DefaultBuildOperationRunner.run(Lorg/gradle/internal/operations/RunnableBuildOperation;)V+9
j  org.gradle.internal.operations.DefaultBuildOperationExecutor.lambda$run$1(Lorg/gradle/internal/operations/RunnableBuildOperation;Lorg/gradle/internal/operations/BuildOperationState;)V+5
j  org.gradle.internal.operations.DefaultBuildOperationExecutor$$Lambda$188.accept(Ljava/lang/Object;)V+12
j  org.gradle.internal.operations.UnmanagedBuildOperationWrapper.runWithUnmanagedSupport(Lorg/gradle/internal/operations/BuildOperationState;Ljava/util/function/Consumer;)V+8
j  org.gradle.internal.operations.DefaultBuildOperationExecutor.run(Lorg/gradle/internal/operations/RunnableBuildOperation;)V+15
j  org.gradle.groovy.scripts.internal.BuildOperationBackedScriptCompilationHandler.compileToDir(Lorg/gradle/groovy/scripts/ScriptSource;Ljava/lang/ClassLoader;Ljava/io/File;Ljava/io/File;Lorg/gradle/groovy/scripts/internal/CompileOperation;Ljava/lang/Class;Lorg/gradle/api/Action;)V+23
j  org.gradle.groovy.scripts.internal.FileCacheBackedScriptClassCompiler$CompileToCrossBuildCacheAction.execute(Lorg/gradle/cache/PersistentCache;)V+51
j  org.gradle.groovy.scripts.internal.FileCacheBackedScriptClassCompiler$CompileToCrossBuildCacheAction.execute(Ljava/lang/Object;)V+5
j  org.gradle.groovy.scripts.internal.FileCacheBackedScriptClassCompiler$ProgressReportingInitializer.execute(Lorg/gradle/cache/PersistentCache;)V+30
j  org.gradle.groovy.scripts.internal.FileCacheBackedScriptClassCompiler$ProgressReportingInitializer.execute(Ljava/lang/Object;)V+5
j  org.gradle.cache.internal.DefaultPersistentDirectoryCache$Initializer.initialize(Lorg/gradle/cache/FileLock;)V+131
j  org.gradle.cache.internal.FixedSharedModeCrossProcessCacheAccess$1.run()V+11
j  org.gradle.cache.internal.DefaultFileLockManager$DefaultFileLock.doWriteAction(Ljava/lang/Runnable;)V+36
j  org.gradle.cache.internal.DefaultFileLockManager$DefaultFileLock.writeFile(Ljava/lang/Runnable;)V+6
j  org.gradle.cache.internal.FixedSharedModeCrossProcessCacheAccess.open()V+181
j  org.gradle.cache.internal.DefaultCacheAccess.open()V+34
j  org.gradle.cache.internal.DefaultPersistentDirectoryStore.open()Lorg/gradle/cache/internal/DefaultPersistentDirectoryStore;+19
j  org.gradle.cache.internal.DefaultPersistentDirectoryStore.open()Lorg/gradle/cache/internal/ReferencablePersistentCache;+1
j  org.gradle.cache.internal.DefaultCacheFactory.doOpen(Ljava/io/File;Ljava/lang/String;Ljava/util/Map;Lorg/gradle/cache/CacheBuilder$LockTarget;Lorg/gradle/cache/LockOptions;Lorg/gradle/api/Action;Lorg/gradle/cache/CleanupAction;)Lorg/gradle/cache/PersistentCache;+109
j  org.gradle.cache.internal.DefaultCacheFactory.open(Ljava/io/File;Ljava/lang/String;Ljava/util/Map;Lorg/gradle/cache/CacheBuilder$LockTarget;Lorg/gradle/cache/LockOptions;Lorg/gradle/api/Action;Lorg/gradle/cache/CleanupAction;)Lorg/gradle/cache/PersistentCache;+21
j  org.gradle.cache.internal.DefaultCacheRepository$PersistentCacheBuilder.open()Lorg/gradle/cache/PersistentCache;+72
j  org.gradle.groovy.scripts.internal.FileCacheBackedScriptClassCompiler.compile(Lorg/gradle/groovy/scripts/ScriptSource;Lorg/gradle/api/internal/initialization/ClassLoaderScope;Lorg/gradle/groovy/scripts/internal/CompileOperation;Ljava/lang/Class;Lorg/gradle/api/Action;)Lorg/gradle/groovy/scripts/internal/CompiledScript;+300
j  org.gradle.groovy.scripts.internal.CrossBuildInMemoryCachingScriptClassCache.getOrCompile(Lorg/gradle/groovy/scripts/ScriptSource;Lorg/gradle/api/internal/initialization/ClassLoaderScope;Lorg/gradle/groovy/scripts/internal/CompileOperation;Ljava/lang/Class;Lorg/gradle/api/Action;Lorg/gradle/groovy/scripts/internal/ScriptClassCompiler;)Lorg/gradle/groovy/scripts/internal/CompiledScript;+105
j  org.gradle.groovy.scripts.internal.BuildScopeInMemoryCachingScriptClassCompiler.compile(Lorg/gradle/groovy/scripts/ScriptSource;Lorg/gradle/api/internal/initialization/ClassLoaderScope;Lorg/gradle/groovy/scripts/internal/CompileOperation;Ljava/lang/Class;Lorg/gradle/api/Action;)Lorg/gradle/groovy/scripts/internal/CompiledScript;+66
j  org.gradle.groovy.scripts.DefaultScriptCompilerFactory$ScriptCompilerImpl.compile(Ljava/lang/Class;Lorg/gradle/groovy/scripts/internal/CompileOperation;Lorg/gradle/api/internal/initialization/ClassLoaderScope;Lorg/gradle/api/Action;)Lorg/gradle/groovy/scripts/ScriptRunner;+16
j  org.gradle.configuration.DefaultScriptPluginFactory$ScriptPluginImpl.apply(Ljava/lang/Object;)V+140
j  org.gradle.configuration.BuildOperationScriptPlugin$1.run(Lorg/gradle/internal/operations/BuildOperationContext;)V+11
j  org.gradle.internal.operations.DefaultBuildOperationRunner$1.execute(Lorg/gradle/internal/operations/RunnableBuildOperation;Lorg/gradle/internal/operations/BuildOperationContext;)V+2
j  org.gradle.internal.operations.DefaultBuildOperationRunner$1.execute(Lorg/gradle/internal/operations/BuildOperation;Lorg/gradle/internal/operations/BuildOperationContext;)V+6
j  org.gradle.internal.operations.DefaultBuildOperationRunner$3.execute(Lorg/gradle/internal/operations/BuildOperationDescriptor;Lorg/gradle/internal/operations/BuildOperationState;Lorg/gradle/internal/operations/BuildOperationState;Lorg/gradle/internal/operations/DefaultBuildOperationRunner$ReadableBuildOperationContext;Lorg/gradle/internal/operations/DefaultBuildOperationRunner$BuildOperationExecutionListener;)Lorg/gradle/internal/operations/BuildOperation;+22
j  org.gradle.internal.operations.DefaultBuildOperationRunner$3.execute(Lorg/gradle/internal/operations/BuildOperationDescriptor;Lorg/gradle/internal/operations/BuildOperationState;Lorg/gradle/internal/operations/BuildOperationState;Lorg/gradle/internal/operations/DefaultBuildOperationRunner$ReadableBuildOperationContext;Lorg/gradle/internal/operations/DefaultBuildOperationRunner$BuildOperationExecutionListener;)Ljava/lang/Object;+8
j  org.gradle.internal.operations.DefaultBuildOperationRunner.execute(Lorg/gradle/internal/operations/BuildOperationDescriptor$Builder;Lorg/gradle/internal/operations/BuildOperationState;Lorg/gradle/internal/operations/DefaultBuildOperationRunner$BuildOperationExecution;)Ljava/lang/Object;+134
j  org.gradle.internal.operations.DefaultBuildOperationRunner.execute(Lorg/gradle/internal/operations/BuildOperation;Lorg/gradle/internal/operations/BuildOperationWorker;Lorg/gradle/internal/operations/BuildOperationState;)V+18
j  org.gradle.internal.operations.DefaultBuildOperationRunner.run(Lorg/gradle/internal/operations/RunnableBuildOperation;)V+9
j  org.gradle.internal.operations.DefaultBuildOperationExecutor.lambda$run$1(Lorg/gradle/internal/operations/RunnableBuildOperation;Lorg/gradle/internal/operations/BuildOperationState;)V+5
j  org.gradle.internal.operations.DefaultBuildOperationExecutor$$Lambda$188.accept(Ljava/lang/Object;)V+12
j  org.gradle.internal.operations.UnmanagedBuildOperationWrapper.runWithUnmanagedSupport(Lorg/gradle/internal/operations/BuildOperationState;Ljava/util/function/Consumer;)V+8
j  org.gradle.internal.operations.DefaultBuildOperationExecutor.run(Lorg/gradle/internal/operations/RunnableBuildOperation;)V+15
j  org.gradle.configuration.BuildOperationScriptPlugin.lambda$apply$0(Ljava/lang/Object;Lorg/gradle/configuration/internal/UserCodeApplicationId;)V+14
j  org.gradle.configuration.BuildOperationScriptPlugin$$Lambda$240.execute(Ljava/lang/Object;)V+12
j  org.gradle.configuration.internal.DefaultUserCodeApplicationContext.apply(Lorg/gradle/internal/DisplayName;Lorg/gradle/api/Action;)V+37
j  org.gradle.configuration.BuildOperationScriptPlugin.apply(Ljava/lang/Object;)V+61
j  org.gradle.configuration.DefaultInitScriptProcessor.process(Lorg/gradle/groovy/scripts/ScriptSource;Lorg/gradle/api/internal/GradleInternal;)V+118
j  org.gradle.initialization.InitScriptHandler$1.run(Lorg/gradle/internal/operations/BuildOperationContext;)V+66
j  org.gradle.internal.operations.DefaultBuildOperationRunner$1.execute(Lorg/gradle/internal/operations/RunnableBuildOperation;Lorg/gradle/internal/operations/BuildOperationContext;)V+2
j  org.gradle.internal.operations.DefaultBuildOperationRunner$1.execute(Lorg/gradle/internal/operations/BuildOperation;Lorg/gradle/internal/operations/BuildOperationContext;)V+6
j  org.gradle.internal.operations.DefaultBuildOperationRunner$3.execute(Lorg/gradle/internal/operations/BuildOperationDescriptor;Lorg/gradle/internal/operations/BuildOperationState;Lorg/gradle/internal/operations/BuildOperationState;Lorg/gradle/internal/operations/DefaultBuildOperationRunner$ReadableBuildOperationContext;Lorg/gradle/internal/operations/DefaultBuildOperationRunner$BuildOperationExecutionListener;)Lorg/gradle/internal/operations/BuildOperation;+22
j  org.gradle.internal.operations.DefaultBuildOperationRunner$3.execute(Lorg/gradle/internal/operations/BuildOperationDescriptor;Lorg/gradle/internal/operations/BuildOperationState;Lorg/gradle/internal/operations/BuildOperationState;Lorg/gradle/internal/operations/DefaultBuildOperationRunner$ReadableBuildOperationContext;Lorg/gradle/internal/operations/DefaultBuildOperationRunner$BuildOperationExecutionListener;)Ljava/lang/Object;+8
j  org.gradle.internal.operations.DefaultBuildOperationRunner.execute(Lorg/gradle/internal/operations/BuildOperationDescriptor$Builder;Lorg/gradle/internal/operations/BuildOperationState;Lorg/gradle/internal/operations/DefaultBuildOperationRunner$BuildOperationExecution;)Ljava/lang/Object;+134
j  org.gradle.internal.operations.DefaultBuildOperationRunner.execute(Lorg/gradle/internal/operations/BuildOperation;Lorg/gradle/internal/operations/BuildOperationWorker;Lorg/gradle/internal/operations/BuildOperationState;)V+18
j  org.gradle.internal.operations.DefaultBuildOperationRunner.run(Lorg/gradle/internal/operations/RunnableBuildOperation;)V+9
j  org.gradle.internal.operations.DefaultBuildOperationExecutor.lambda$run$1(Lorg/gradle/internal/operations/RunnableBuildOperation;Lorg/gradle/internal/operations/BuildOperationState;)V+5
j  org.gradle.internal.operations.DefaultBuildOperationExecutor$$Lambda$188.accept(Ljava/lang/Object;)V+12
j  org.gradle.internal.operations.UnmanagedBuildOperationWrapper.runWithUnmanagedSupport(Lorg/gradle/internal/operations/BuildOperationState;Ljava/util/function/Consumer;)V+8
j  org.gradle.internal.operations.DefaultBuildOperationExecutor.run(Lorg/gradle/internal/operations/RunnableBuildOperation;)V+15
j  org.gradle.initialization.InitScriptHandler.executeScripts(Lorg/gradle/api/internal/GradleInternal;)V+34
j  org.gradle.initialization.DefaultSettingsPreparer.prepareSettings(Lorg/gradle/api/internal/GradleInternal;)V+5
j  org.gradle.initialization.BuildOperationFiringSettingsPreparer$LoadBuild.doLoadBuild()V+11
j  org.gradle.initialization.BuildOperationFiringSettingsPreparer$LoadBuild.run(Lorg/gradle/internal/operations/BuildOperationContext;)V+1
j  org.gradle.internal.operations.DefaultBuildOperationRunner$1.execute(Lorg/gradle/internal/operations/RunnableBuildOperation;Lorg/gradle/internal/operations/BuildOperationContext;)V+2
j  org.gradle.internal.operations.DefaultBuildOperationRunner$1.execute(Lorg/gradle/internal/operations/BuildOperation;Lorg/gradle/internal/operations/BuildOperationContext;)V+6
j  org.gradle.internal.operations.DefaultBuildOperationRunner$3.execute(Lorg/gradle/internal/operations/BuildOperationDescriptor;Lorg/gradle/internal/operations/BuildOperationState;Lorg/gradle/internal/operations/BuildOperationState;Lorg/gradle/internal/operations/DefaultBuildOperationRunner$ReadableBuildOperationContext;Lorg/gradle/internal/operations/DefaultBuildOperationRunner$BuildOperationExecutionListener;)Lorg/gradle/internal/operations/BuildOperation;+22
j  org.gradle.internal.operations.DefaultBuildOperationRunner$3.execute(Lorg/gradle/internal/operations/BuildOperationDescriptor;Lorg/gradle/internal/operations/BuildOperationState;Lorg/gradle/internal/operations/BuildOperationState;Lorg/gradle/internal/operations/DefaultBuildOperationRunner$ReadableBuildOperationContext;Lorg/gradle/internal/operations/DefaultBuildOperationRunner$BuildOperationExecutionListener;)Ljava/lang/Object;+8
j  org.gradle.internal.operations.DefaultBuildOperationRunner.execute(Lorg/gradle/internal/operations/BuildOperationDescriptor$Builder;Lorg/gradle/internal/operations/BuildOperationState;Lorg/gradle/internal/operations/DefaultBuildOperationRunner$BuildOperationExecution;)Ljava/lang/Object;+134
j  org.gradle.internal.operations.DefaultBuildOperationRunner.execute(Lorg/gradle/internal/operations/BuildOperation;Lorg/gradle/internal/operations/BuildOperationWorker;Lorg/gradle/internal/operations/BuildOperationState;)V+18
j  org.gradle.internal.operations.DefaultBuildOperationRunner.run(Lorg/gradle/internal/operations/RunnableBuildOperation;)V+9
j  org.gradle.internal.operations.DefaultBuildOperationExecutor.lambda$run$1(Lorg/gradle/internal/operations/RunnableBuildOperation;Lorg/gradle/internal/operations/BuildOperationState;)V+5
j  org.gradle.internal.operations.DefaultBuildOperationExecutor$$Lambda$188.accept(Ljava/lang/Object;)V+12
j  org.gradle.internal.operations.UnmanagedBuildOperationWrapper.runWithUnmanagedSupport(Lorg/gradle/internal/operations/BuildOperationState;Ljava/util/function/Consumer;)V+8
j  org.gradle.internal.operations.DefaultBuildOperationExecutor.run(Lorg/gradle/internal/operations/RunnableBuildOperation;)V+15
j  org.gradle.initialization.BuildOperationFiringSettingsPreparer.prepareSettings(Lorg/gradle/api/internal/GradleInternal;)V+13
j  org.gradle.initialization.DefaultGradleLauncher.prepareSettings()V+28
j  org.gradle.initialization.DefaultGradleLauncher.doClassicBuildStages(Lorg/gradle/initialization/DefaultGradleLauncher$Stage;)V+17
j  org.gradle.initialization.DefaultGradleLauncher.doBuildStages(Lorg/gradle/initialization/DefaultGradleLauncher$Stage;)V+80
j  org.gradle.initialization.DefaultGradleLauncher.executeTasks()Lorg/gradle/api/internal/GradleInternal;+4
j  org.gradle.internal.invocation.GradleBuildController$$Lambda$186.execute(Ljava/lang/Object;)V+4
j  org.gradle.internal.invocation.GradleBuildController$1.create()Lorg/gradle/api/internal/GradleInternal;+21
j  org.gradle.internal.invocation.GradleBuildController$1.create()Ljava/lang/Object;+1
j  org.gradle.internal.work.DefaultWorkerLeaseService.withLocks(Ljava/lang/Iterable;Lorg/gradle/internal/Factory;)Ljava/lang/Object;+26
j  org.gradle.internal.invocation.GradleBuildController.doBuild(Lorg/gradle/api/Action;)Lorg/gradle/api/internal/GradleInternal;+25
j  org.gradle.internal.invocation.GradleBuildController.run()Lorg/gradle/api/internal/GradleInternal;+6
j  org.gradle.tooling.internal.provider.runner.AbstractClientProvidedBuildActionRunner.runClientAction(Lorg/gradle/tooling/internal/provider/runner/AbstractClientProvidedBuildActionRunner$ClientAction;Lorg/gradle/internal/invocation/BuildController;)Lorg/gradle/internal/invocation/BuildActionRunner$Result;+53
j  org.gradle.tooling.internal.provider.runner.ClientProvidedPhasedActionRunner.run(Lorg/gradle/internal/invocation/BuildAction;Lorg/gradle/internal/invocation/BuildController;)Lorg/gradle/internal/invocation/BuildActionRunner$Result;+70
j  org.gradle.launcher.exec.ChainingBuildActionRunner.run(Lorg/gradle/internal/invocation/BuildAction;Lorg/gradle/internal/invocation/BuildController;)Lorg/gradle/internal/invocation/BuildActionRunner$Result;+34
j  org.gradle.launcher.exec.ChainingBuildActionRunner.run(Lorg/gradle/internal/invocation/BuildAction;Lorg/gradle/internal/invocation/BuildController;)Lorg/gradle/internal/invocation/BuildActionRunner$Result;+34
j  org.gradle.launcher.exec.BuildOutcomeReportingBuildActionRunner.run(Lorg/gradle/internal/invocation/BuildAction;Lorg/gradle/internal/invocation/BuildController;)Lorg/gradle/internal/invocation/BuildActionRunner$Result;+143
j  org.gradle.tooling.internal.provider.ValidatingBuildActionRunner.run(Lorg/gradle/internal/invocation/BuildAction;Lorg/gradle/internal/invocation/BuildController;)Lorg/gradle/internal/invocation/BuildActionRunner$Result;+6
j  org.gradle.tooling.internal.provider.FileSystemWatchingBuildActionRunner.run(Lorg/gradle/internal/invocation/BuildAction;Lorg/gradle/internal/invocation/BuildController;)Lorg/gradle/internal/invocation/BuildActionRunner$Result;+222
j  org.gradle.launcher.exec.BuildCompletionNotifyingBuildActionRunner.run(Lorg/gradle/internal/invocation/BuildAction;Lorg/gradle/internal/invocation/BuildController;)Lorg/gradle/internal/invocation/BuildActionRunner$Result;+28
j  org.gradle.launcher.exec.RunAsBuildOperationBuildActionRunner$3.call(Lorg/gradle/internal/operations/BuildOperationContext;)Lorg/gradle/internal/invocation/BuildActionRunner$Result;+71
j  org.gradle.launcher.exec.RunAsBuildOperationBuildActionRunner$3.call(Lorg/gradle/internal/operations/BuildOperationContext;)Ljava/lang/Object;+2
j  org.gradle.internal.operations.DefaultBuildOperationRunner$CallableBuildOperationWorker.execute(Lorg/gradle/internal/operations/CallableBuildOperation;Lorg/gradle/internal/operations/BuildOperationContext;)V+3
j  org.gradle.internal.operations.DefaultBuildOperationRunner$CallableBuildOperationWorker.execute(Lorg/gradle/internal/operations/BuildOperation;Lorg/gradle/internal/operations/BuildOperationContext;)V+6
j  org.gradle.internal.operations.DefaultBuildOperationRunner$3.execute(Lorg/gradle/internal/operations/BuildOperationDescriptor;Lorg/gradle/internal/operations/BuildOperationState;Lorg/gradle/internal/operations/BuildOperationState;Lorg/gradle/internal/operations/DefaultBuildOperationRunner$ReadableBuildOperationContext;Lorg/gradle/internal/operations/DefaultBuildOperationRunner$BuildOperationExecutionListener;)Lorg/gradle/internal/operations/BuildOperation;+22
j  org.gradle.internal.operations.DefaultBuildOperationRunner$3.execute(Lorg/gradle/internal/operations/BuildOperationDescriptor;Lorg/gradle/internal/operations/BuildOperationState;Lorg/gradle/internal/operations/BuildOperationState;Lorg/gradle/internal/operations/DefaultBuildOperationRunner$ReadableBuildOperationContext;Lorg/gradle/internal/operations/DefaultBuildOperationRunner$BuildOperationExecutionListener;)Ljava/lang/Object;+8
j  org.gradle.internal.operations.DefaultBuildOperationRunner.execute(Lorg/gradle/internal/operations/BuildOperationDescriptor$Builder;Lorg/gradle/internal/operations/BuildOperationState;Lorg/gradle/internal/operations/DefaultBuildOperationRunner$BuildOperationExecution;)Ljava/lang/Object;+134
j  org.gradle.internal.operations.DefaultBuildOperationRunner.execute(Lorg/gradle/internal/operations/BuildOperation;Lorg/gradle/internal/operations/BuildOperationWorker;Lorg/gradle/internal/operations/BuildOperationState;)V+18
j  org.gradle.internal.operations.DefaultBuildOperationRunner.call(Lorg/gradle/internal/operations/CallableBuildOperation;)Ljava/lang/Object;+16
j  org.gradle.internal.operations.DefaultBuildOperationExecutor.lambda$call$2(Lorg/gradle/internal/operations/CallableBuildOperation;Lorg/gradle/internal/operations/BuildOperationState;)Ljava/lang/Object;+5
j  org.gradle.internal.operations.DefaultBuildOperationExecutor$$Lambda$156.apply(Ljava/lang/Object;)Ljava/lang/Object;+12
j  org.gradle.internal.operations.UnmanagedBuildOperationWrapper.callWithUnmanagedSupport(Lorg/gradle/internal/operations/BuildOperationState;Ljava/util/function/Function;)Ljava/lang/Object;+8
j  org.gradle.internal.operations.DefaultBuildOperationExecutor.call(Lorg/gradle/internal/operations/CallableBuildOperation;)Ljava/lang/Object;+15
j  org.gradle.launcher.exec.RunAsBuildOperationBuildActionRunner.run(Lorg/gradle/internal/invocation/BuildAction;Lorg/gradle/internal/invocation/BuildController;)Lorg/gradle/internal/invocation/BuildActionRunner$Result;+33
j  org.gradle.launcher.exec.InProcessBuildActionExecuter.lambda$execute$0(Lorg/gradle/internal/invocation/BuildAction;Lorg/gradle/internal/invocation/BuildController;)Lorg/gradle/launcher/exec/BuildActionResult;+6
j  org.gradle.launcher.exec.InProcessBuildActionExecuter$$Lambda$155.transform(Ljava/lang/Object;)Ljava/lang/Object;+12
j  org.gradle.composite.internal.DefaultRootBuildState.run(Lorg/gradle/api/Transformer;)Ljava/lang/Object;+43
j  org.gradle.launcher.exec.InProcessBuildActionExecuter.execute(Lorg/gradle/internal/invocation/BuildAction;Lorg/gradle/launcher/exec/BuildActionParameters;Lorg/gradle/internal/buildtree/BuildTreeContext;)Lorg/gradle/launcher/exec/BuildActionResult;+39
j  org.gradle.launcher.exec.InProcessBuildActionExecuter.execute(Lorg/gradle/internal/invocation/BuildAction;Ljava/lang/Object;Ljava/lang/Object;)Lorg/gradle/launcher/exec/BuildActionResult;+10
j  org.gradle.launcher.exec.BuildTreeScopeLifecycleBuildActionExecuter.lambda$execute$0(Lorg/gradle/internal/invocation/BuildAction;Lorg/gradle/launcher/exec/BuildActionParameters;Lorg/gradle/internal/buildtree/BuildTreeContext;)Lorg/gradle/launcher/exec/BuildActionResult;+19
j  org.gradle.launcher.exec.BuildTreeScopeLifecycleBuildActionExecuter$$Lambda$97.apply(Ljava/lang/Object;)Ljava/lang/Object;+12
j  org.gradle.internal.buildtree.BuildTreeState.run(Ljava/util/function/Function;)Ljava/lang/Object;+7
j  org.gradle.launcher.exec.BuildTreeScopeLifecycleBuildActionExecuter.execute(Lorg/gradle/internal/invocation/BuildAction;Lorg/gradle/launcher/exec/BuildActionParameters;Lorg/gradle/internal/session/BuildSessionContext;)Lorg/gradle/launcher/exec/BuildActionResult;+46
j  org.gradle.launcher.exec.BuildTreeScopeLifecycleBuildActionExecuter.execute(Lorg/gradle/internal/invocation/BuildAction;Ljava/lang/Object;Ljava/lang/Object;)Lorg/gradle/launcher/exec/BuildActionResult;+10
j  org.gradle.tooling.internal.provider.ContinuousBuildActionExecuter.execute(Lorg/gradle/internal/invocation/BuildAction;Lorg/gradle/launcher/exec/BuildActionParameters;Lorg/gradle/internal/session/BuildSessionContext;)Lorg/gradle/launcher/exec/BuildActionResult;+59
j  org.gradle.tooling.internal.provider.ContinuousBuildActionExecuter.execute(Lorg/gradle/internal/invocation/BuildAction;Ljava/lang/Object;Ljava/lang/Object;)Lorg/gradle/launcher/exec/BuildActionResult;+10
j  org.gradle.tooling.internal.provider.SubscribableBuildActionExecuter.execute(Lorg/gradle/internal/invocation/BuildAction;Lorg/gradle/launcher/exec/BuildActionParameters;Lorg/gradle/internal/session/BuildSessionContext;)Lorg/gradle/launcher/exec/BuildActionResult;+33
j  org.gradle.tooling.internal.provider.SubscribableBuildActionExecuter.execute(Lorg/gradle/internal/invocation/BuildAction;Ljava/lang/Object;Ljava/lang/Object;)Lorg/gradle/launcher/exec/BuildActionResult;+10
j  org.gradle.tooling.internal.provider.SessionScopeLifecycleBuildActionExecuter.lambda$execute$0(Lorg/gradle/internal/invocation/BuildAction;Lorg/gradle/launcher/exec/BuildActionParameters;Lorg/gradle/internal/session/BuildSessionContext;)Lorg/gradle/launcher/exec/BuildActionResult;+52
j  org.gradle.tooling.internal.provider.SessionScopeLifecycleBuildActionExecuter$$Lambda$90.apply(Ljava/lang/Object;)Ljava/lang/Object;+12
j  org.gradle.internal.session.BuildSessionState.run(Ljava/util/function/Function;)Ljava/lang/Object;+9
j  org.gradle.tooling.internal.provider.SessionScopeLifecycleBuildActionExecuter.execute(Lorg/gradle/internal/invocation/BuildAction;Lorg/gradle/launcher/exec/BuildActionParameters;Lorg/gradle/initialization/BuildRequestContext;)Lorg/gradle/launcher/exec/BuildActionResult;+74
j  org.gradle.tooling.internal.provider.SessionScopeLifecycleBuildActionExecuter.execute(Lorg/gradle/internal/invocation/BuildAction;Ljava/lang/Object;Ljava/lang/Object;)Lorg/gradle/launcher/exec/BuildActionResult;+10
j  org.gradle.tooling.internal.provider.GradleThreadBuildActionExecuter.execute(Lorg/gradle/internal/invocation/BuildAction;Lorg/gradle/launcher/exec/BuildActionParameters;Lorg/gradle/initialization/BuildRequestContext;)Lorg/gradle/launcher/exec/BuildActionResult;+10
j  org.gradle.tooling.internal.provider.GradleThreadBuildActionExecuter.execute(Lorg/gradle/internal/invocation/BuildAction;Ljava/lang/Object;Ljava/lang/Object;)Lorg/gradle/launcher/exec/BuildActionResult;+10
j  org.gradle.tooling.internal.provider.StartParamsValidatingActionExecuter.execute(Lorg/gradle/internal/invocation/BuildAction;Lorg/gradle/launcher/exec/BuildActionParameters;Lorg/gradle/initialization/BuildRequestContext;)Lorg/gradle/launcher/exec/BuildActionResult;+175
j  org.gradle.tooling.internal.provider.StartParamsValidatingActionExecuter.execute(Lorg/gradle/internal/invocation/BuildAction;Ljava/lang/Object;Ljava/lang/Object;)Lorg/gradle/launcher/exec/BuildActionResult;+10
j  org.gradle.tooling.internal.provider.SessionFailureReportingActionExecuter.execute(Lorg/gradle/internal/invocation/BuildAction;Lorg/gradle/launcher/exec/BuildActionParameters;Lorg/gradle/initialization/BuildRequestContext;)Lorg/gradle/launcher/exec/BuildActionResult;+7
j  org.gradle.tooling.internal.provider.SessionFailureReportingActionExecuter.execute(Lorg/gradle/internal/invocation/BuildAction;Ljava/lang/Object;Ljava/lang/Object;)Lorg/gradle/launcher/exec/BuildActionResult;+10
j  org.gradle.tooling.internal.provider.SetupLoggingActionExecuter.execute(Lorg/gradle/internal/invocation/BuildAction;Lorg/gradle/launcher/exec/BuildActionParameters;Lorg/gradle/initialization/BuildRequestContext;)Lorg/gradle/launcher/exec/BuildActionResult;+50
j  org.gradle.tooling.internal.provider.SetupLoggingActionExecuter.execute(Lorg/gradle/internal/invocation/BuildAction;Ljava/lang/Object;Ljava/lang/Object;)Lorg/gradle/launcher/exec/BuildActionResult;+10
j  org.gradle.launcher.daemon.server.exec.ExecuteBuild.doBuild(Lorg/gradle/launcher/daemon/server/api/DaemonCommandExecution;Lorg/gradle/launcher/daemon/protocol/Build;)V+114
j  org.gradle.launcher.daemon.server.exec.BuildCommandOnly.execute(Lorg/gradle/launcher/daemon/server/api/DaemonCommandExecution;)V+49
j  org.gradle.launcher.daemon.server.api.DaemonCommandExecution.proceed()Z+23
j  org.gradle.launcher.daemon.server.exec.WatchForDisconnection.execute(Lorg/gradle/launcher/daemon/server/api/DaemonCommandExecution;)V+19
j  org.gradle.launcher.daemon.server.api.DaemonCommandExecution.proceed()Z+23
j  org.gradle.launcher.daemon.server.exec.ResetDeprecationLogger.execute(Lorg/gradle/launcher/daemon/server/api/DaemonCommandExecution;)V+7
j  org.gradle.launcher.daemon.server.api.DaemonCommandExecution.proceed()Z+23
j  org.gradle.launcher.daemon.server.exec.RequestStopIfSingleUsedDaemon.execute(Lorg/gradle/launcher/daemon/server/api/DaemonCommandExecution;)V+33
j  org.gradle.launcher.daemon.server.api.DaemonCommandExecution.proceed()Z+23
j  org.gradle.launcher.daemon.server.exec.ForwardClientInput$2.create()Ljava/lang/Void;+4
j  org.gradle.launcher.daemon.server.exec.ForwardClientInput$2.create()Ljava/lang/Object;+1
j  org.gradle.util.Swapper.swap(Ljava/lang/Object;Lorg/gradle/internal/Factory;)Ljava/lang/Object;+21
j  org.gradle.launcher.daemon.server.exec.ForwardClientInput.execute(Lorg/gradle/launcher/daemon/server/api/DaemonCommandExecution;)V+63
j  org.gradle.launcher.daemon.server.api.DaemonCommandExecution.proceed()Z+23
j  org.gradle.launcher.daemon.server.exec.LogAndCheckHealth.execute(Lorg/gradle/launcher/daemon/server/api/DaemonCommandExecution;)V+28
j  org.gradle.launcher.daemon.server.api.DaemonCommandExecution.proceed()Z+23
j  org.gradle.launcher.daemon.server.exec.LogToClient.doBuild(Lorg/gradle/launcher/daemon/server/api/DaemonCommandExecution;Lorg/gradle/launcher/daemon/protocol/Build;)V+87
j  org.gradle.launcher.daemon.server.exec.BuildCommandOnly.execute(Lorg/gradle/launcher/daemon/server/api/DaemonCommandExecution;)V+49
j  org.gradle.launcher.daemon.server.api.DaemonCommandExecution.proceed()Z+23
j  org.gradle.launcher.daemon.server.exec.EstablishBuildEnvironment.doBuild(Lorg/gradle/launcher/daemon/server/api/DaemonCommandExecution;Lorg/gradle/launcher/daemon/protocol/Build;)V+356
j  org.gradle.launcher.daemon.server.exec.BuildCommandOnly.execute(Lorg/gradle/launcher/daemon/server/api/DaemonCommandExecution;)V+49
j  org.gradle.launcher.daemon.server.api.DaemonCommandExecution.proceed()Z+23
j  org.gradle.launcher.daemon.server.exec.StartBuildOrRespondWithBusy$1.run()V+44
j  org.gradle.launcher.daemon.server.DaemonStateCoordinator$1.run()V+4
j  org.gradle.internal.concurrent.ExecutorPolicy$CatchAndRecordFailures.onExecute(Ljava/lang/Runnable;)V+1
j  org.gradle.internal.concurrent.ManagedExecutorImpl$1.run()V+25
j  java.util.concurrent.ThreadPoolExecutor.runWorker(Ljava/util/concurrent/ThreadPoolExecutor$Worker;)V+92 java.base@11.0.8
j  java.util.concurrent.ThreadPoolExecutor$Worker.run()V+5 java.base@11.0.8
j  org.gradle.internal.concurrent.ThreadFactoryImpl$ManagedThreadRunnable.run()V+7
j  java.lang.Thread.run()V+11 java.base@11.0.8
v  ~StubRoutines::call_stub

siginfo: EXCEPTION_ACCESS_VIOLATION (0xc0000005), reading address 0x00000000000000a3


Register to memory mapping:

RIP=0x00007ffb6870842d jvm.dll
RAX=0x0000000000000001 is an unknown value
RBX=0x0000000000000001 is an unknown value
RCX=0x0000000000000002 is an unknown value
RDX=0x0000000000000001 is an unknown value
RSP=0x000000b4ff5f96c0 is pointing into the stack for thread: 0x000002012bf4c800
RBP=0x0 is NULL
RSI=0x000002012a6a3530 points into unknown readable memory: 00 00 00 00 0a 00 00 00
RDI=0x000002012a6a3520 points into unknown readable memory: 00 00 00 00 00 00 00 00
R8 =0x0000000000000001 is an unknown value
R9 =0x000002012bf4c801 points into unknown readable memory: 94 d2 68 fb 7f 00 00
R10=0x0000000000000008 is an unknown value
R11=0x000000b4ff5f9788 is pointing into the stack for thread: 0x000002012bf4c800
R12=0x0 is NULL
R13=0x0 is NULL
R14=0x0 is NULL
R15=0x000002012bf4c800 is a thread


Registers:
RAX=0x0000000000000001, RBX=0x0000000000000001, RCX=0x0000000000000002, RDX=0x0000000000000001
RSP=0x000000b4ff5f96c0, RBP=0x0000000000000000, RSI=0x000002012a6a3530, RDI=0x000002012a6a3520
R8 =0x0000000000000001, R9 =0x000002012bf4c801, R10=0x0000000000000008, R11=0x000000b4ff5f9788
R12=0x0000000000000000, R13=0x0000000000000000, R14=0x0000000000000000, R15=0x000002012bf4c800
RIP=0x00007ffb6870842d, EFLAGS=0x0000000000010246

Top of Stack: (sp=0x000000b4ff5f96c0)
0x000000b4ff5f96c0:   0000000000000000 0000000000000000
0x000000b4ff5f96d0:   0000000000000000 0000000000000000
0x000000b4ff5f96e0:   000002012bf4c800 00000000000003d8
0x000000b4ff5f96f0:   00000201311a1c60 0000000000000000
0x000000b4ff5f9700:   000002012a6a3530 00007ffb6870a3cd
0x000000b4ff5f9710:   0000020114dadb43 000002012c8f96e0
0x000000b4ff5f9720:   000002012a6a3908 00007ffb687853cf
0x000000b4ff5f9730:   000002012bf4c800 0000000000000000
0x000000b4ff5f9740:   000000b4ff5f9764 000000b4ff5f9760
0x000000b4ff5f9750:   000000b4ff5f97a8 00007ffb68ba1ef1
0x000000b4ff5f9760:   000000b4ff5f97f0 0000000000000000
0x000000b4ff5f9770:   0000000000000001 000002012bf4c800
0x000000b4ff5f9780:   00000201311a1ca0 00007ffb6882ab74
0x000000b4ff5f9790:   0000000000000000 000000b4ff5f97c9
0x000000b4ff5f97a0:   000000017e75fe2d 00007ffb686fdc53
0x000000b4ff5f97b0:   00000201311a1ca0 000002012bf4c800 

Instructions: (pc=0x00007ffb6870842d)
0x00007ffb6870832d:   f9 39 aa ac 00 00 00 0f 8e 94 00 00 00 48 89 5c
0x00007ffb6870833d:   24 40 48 89 74 24 48 48 89 7c 24 50 4c 89 74 24
0x00007ffb6870834d:   58 4c 8d b2 f8 14 00 00 49 8b 36 48 85 f6 74 4e
0x00007ffb6870835d:   33 db 39 1e 7e 2f 33 ff 66 66 66 0f 1f 84 00 00
0x00007ffb6870836d:   00 00 00 48 8b 56 08 48 03 d7 48 8b 4a 08 48 85
0x00007ffb6870837d:   c9 74 08 4d 8b c7 e8 88 14 46 00 ff c3 48 83 c7
0x00007ffb6870838d:   10 3b 1e 7c de 48 63 c5 49 8b d7 48 6b c8 58 48
0x00007ffb6870839d:   81 c1 b8 14 00 00 49 03 cd e8 65 1f 4c 00 ff c5
0x00007ffb687083ad:   49 83 c6 58 41 3b ad ac 00 00 00 7c 9b 4c 8b 74
0x00007ffb687083bd:   24 58 48 8b 7c 24 50 48 8b 74 24 48 48 8b 5c 24
0x00007ffb687083cd:   40 48 83 c4 20 41 5f 41 5d 5d c3 cc cc cc cc cc
0x00007ffb687083dd:   cc cc cc e9 cb 04 49 00 cc cc cc cc cc cc cc cc
0x00007ffb687083ed:   cc cc cc 48 89 5c 24 10 48 89 6c 24 18 56 41 54
0x00007ffb687083fd:   41 55 41 56 41 57 48 83 ec 20 45 33 f6 45 32 ff
0x00007ffb6870840d:   45 32 e4 41 8b d8 44 8b ea 41 8b ee 45 84 c9 74
0x00007ffb6870841d:   51 40 38 6c 24 70 41 8d 40 1e 0f 44 c3 48 63 d0
0x00007ffb6870842d:   0f b6 ac 0a a0 00 00 00 ff c5 44 0f b6 c5 40 84
0x00007ffb6870843d:   ed 74 0a 40 88 ac 0a a0 00 00 00 eb 12 ff 81 98
0x00007ffb6870844d:   00 00 00 8b a9 98 00 00 00 81 c5 ff 00 00 00 41
0x00007ffb6870845d:   83 f8 01 41 0f 95 c7 44 39 b1 90 00 00 00 41 0f
0x00007ffb6870846d:   95 c4 8d 43 ff 48 89 7c 24 50 49 8b f6 ba 01 00
0x00007ffb6870847d:   00 00 83 f8 07 77 0c 8d 43 ee 8b fb 83 f8 02 76
0x00007ffb6870848d:   2c eb 45 83 fb 0e 75 04 8b fa eb 3c 83 fb 12 75
0x00007ffb6870849d:   08 8d 7b f2 0f b6 c2 eb 31 83 fb 13 75 07 8b fa
0x00007ffb687084ad:   0f b6 c2 eb 25 83 fb 14 75 08 8d 7b ee 0f b6 c2
0x00007ffb687084bd:   eb 18 83 fb 16 75 05 8d 7b f0 eb 0c 83 fb 17 0f
0x00007ffb687084cd:   85 1f 01 00 00 8d 7b ec 32 c0 84 c0 4d 8b c6 41
0x00007ffb687084dd:   8b d5 4c 0f 45 44 24 78 e8 a6 e0 ff ff 48 8b f0
0x00007ffb687084ed:   48 85 c0 0f 84 c3 00 00 00 8d 4b ee 83 f9 02 77
0x00007ffb687084fd:   42 48 8b 10 48 8b c8 ff 52 70 84 c0 75 35 44 38
0x00007ffb6870850d:   35 27 ce 79 00 74 2c 4c 39 35 ed 31 7b 00 74 23
0x00007ffb6870851d:   e8 5e 77 39 00 48 8b 0d df 31 7b 00 48 8d 15 f0 


Stack slot to memory mapping:
stack at sp + 0 slots: 0x0 is NULL
stack at sp + 1 slots: 0x0 is NULL
stack at sp + 2 slots: 0x0 is NULL
stack at sp + 3 slots: 0x0 is NULL
stack at sp + 4 slots: 0x000002012bf4c800 is a thread
stack at sp + 5 slots: 0x00000000000003d8 is an unknown value
stack at sp + 6 slots: 0x00000201311a1c60 is pointing into metadata
stack at sp + 7 slots: 0x0 is NULL


---------------  P R O C E S S  ---------------

Threads class SMR info:
_java_thread_list=0x000002012cdeb660, length=52, elements={
0x000002011141d800, 0x0000020129b77000, 0x0000020129b85000, 0x0000020129b91800,
0x0000020129b92800, 0x0000020129b95800, 0x0000020129bcd800, 0x000002012a56f000,
0x000002012a668800, 0x000002012a66a000, 0x000002012bea4800, 0x000002012a7f4000,
0x000002012ba37000, 0x000002012b9ca000, 0x000002012b1ff000, 0x000002012c04d800,
0x000002012bf4c800, 0x000002012c4cf000, 0x000002012cc12000, 0x000002012c4ce800,
0x000002012c4ca000, 0x000002012c4c4800, 0x000002012c4c5000, 0x000002012c4c6000,
0x000002012c4c7000, 0x000002012c4cb000, 0x000002012c4c7800, 0x000002012c4c8800,
0x000002012c4c9000, 0x000002012d296000, 0x000002012d29a000, 0x000002012d296800,
0x000002012d297800, 0x000002012d298000, 0x000002012d29c800, 0x000002012d29a800,
0x000002012d29b800, 0x000002012d29d000, 0x000002012d29e000, 0x000002012d29f000,
0x000002012d299000, 0x000002012d2a4800, 0x000002012d2a3000, 0x000002012d2a3800,
0x000002012d2a2000, 0x000002012d29f800, 0x000002012d2a0800, 0x000002012d2a1000,
0x000002012cc77800, 0x000002012cc7a800, 0x000002012cc7b800, 0x000002012ccc6800
}

Java Threads: ( => current thread )
  0x000002011141d800 JavaThread "main" [_thread_blocked, id=5844, stack(0x000000b4fda00000,0x000000b4fdb00000)]
  0x0000020129b77000 JavaThread "Reference Handler" daemon [_thread_blocked, id=9020, stack(0x000000b4fe100000,0x000000b4fe200000)]
  0x0000020129b85000 JavaThread "Finalizer" daemon [_thread_blocked, id=1120, stack(0x000000b4fe200000,0x000000b4fe300000)]
  0x0000020129b91800 JavaThread "Signal Dispatcher" daemon [_thread_blocked, id=3288, stack(0x000000b4fe300000,0x000000b4fe400000)]
  0x0000020129b92800 JavaThread "Attach Listener" daemon [_thread_blocked, id=9604, stack(0x000000b4fe400000,0x000000b4fe500000)]
  0x0000020129b95800 JavaThread "C2 CompilerThread0" daemon [_thread_blocked, id=1864, stack(0x000000b4fe500000,0x000000b4fe600000)]
  0x0000020129bcd800 JavaThread "C1 CompilerThread0" daemon [_thread_blocked, id=4060, stack(0x000000b4fe600000,0x000000b4fe700000)]
  0x000002012a56f000 JavaThread "Sweeper thread" daemon [_thread_blocked, id=4928, stack(0x000000b4fe700000,0x000000b4fe800000)]
  0x000002012a668800 JavaThread "Common-Cleaner" daemon [_thread_blocked, id=3020, stack(0x000000b4fe800000,0x000000b4fe900000)]
  0x000002012a66a000 JavaThread "Service Thread" daemon [_thread_blocked, id=1948, stack(0x000000b4fe900000,0x000000b4fea00000)]
  0x000002012bea4800 JavaThread "Daemon health stats" [_thread_blocked, id=6764, stack(0x000000b4fee00000,0x000000b4fef00000)]
  0x000002012a7f4000 JavaThread "Incoming local TCP Connector on port 63348" [_thread_in_native, id=8672, stack(0x000000b4ff000000,0x000000b4ff100000)]
  0x000002012ba37000 JavaThread "Daemon periodic checks" [_thread_blocked, id=1416, stack(0x000000b4ff100000,0x000000b4ff200000)]
  0x000002012b9ca000 JavaThread "Daemon" [_thread_blocked, id=9224, stack(0x000000b4ff200000,0x000000b4ff300000)]
  0x000002012b1ff000 JavaThread "Handler for socket connection from /127.0.0.1:63348 to /127.0.0.1:63349" [_thread_in_native, id=2020, stack(0x000000b4ff300000,0x000000b4ff400000)]
  0x000002012c04d800 JavaThread "Cancel handler" [_thread_blocked, id=1812, stack(0x000000b4ff400000,0x000000b4ff500000)]
=>0x000002012bf4c800 JavaThread "Daemon worker" [_thread_in_vm, id=8504, stack(0x000000b4ff500000,0x000000b4ff600000)]
  0x000002012c4cf000 JavaThread "Asynchronous log dispatcher for DefaultDaemonConnection: socket connection from /127.0.0.1:63348 to /127.0.0.1:63349" [_thread_blocked, id=7948, stack(0x000000b4ff600000,0x000000b4ff700000)]
  0x000002012cc12000 JavaThread "Stdin handler" [_thread_blocked, id=9620, stack(0x000000b4ff700000,0x000000b4ff800000)]
  0x000002012c4ce800 JavaThread "Daemon client event forwarder" [_thread_blocked, id=8780, stack(0x000000b4ff800000,0x000000b4ff900000)]
  0x000002012c4ca000 JavaThread "Cache worker for file hash cache (C:\Users\kma_s\.gradle\caches\6.8.3\fileHashes)" [_thread_blocked, id=6156, stack(0x000000b4ffa00000,0x000000b4ffb00000)]
  0x000002012c4c4800 JavaThread "File lock request listener" [_thread_in_native, id=788, stack(0x000000b4ffb00000,0x000000b4ffc00000)]
  0x000002012c4c5000 JavaThread "File lock release action executor" [_thread_blocked, id=10252, stack(0x000000b4ffc00000,0x000000b4ffd00000)]
  0x000002012c4c6000 JavaThread "Cache worker for journal cache (C:\Users\kma_s\.gradle\caches\journal-1)" [_thread_blocked, id=10256, stack(0x000000b4ffd00000,0x000000b4ffe00000)]
  0x000002012c4c7000 JavaThread "Cache worker for file hash cache (C:\Users\kma_s\Documents\PROJETOS ANDROID\ZENITECH\SIAC_MOBILE_VERSIONADO\.gradle\6.8.3\fileHashes)" [_thread_blocked, id=10268, stack(0x000000b4fff00000,0x000000b500000000)]
  0x000002012c4cb000 JavaThread "jar transforms" [_thread_blocked, id=10284, stack(0x000000b480000000,0x000000b480100000)]
  0x000002012c4c7800 JavaThread "jar transforms Thread 2" [_thread_blocked, id=10288, stack(0x000000b480100000,0x000000b480200000)]
  0x000002012c4c8800 JavaThread "jar transforms Thread 3" [_thread_blocked, id=10292, stack(0x000000b480200000,0x000000b480300000)]
  0x000002012c4c9000 JavaThread "jar transforms Thread 4" [_thread_blocked, id=10296, stack(0x000000b480300000,0x000000b480400000)]
  0x000002012d296000 JavaThread "jar transforms Thread 5" [_thread_blocked, id=10300, stack(0x000000b480400000,0x000000b480500000)]
  0x000002012d29a000 JavaThread "jar transforms Thread 6" [_thread_blocked, id=10304, stack(0x000000b480500000,0x000000b480600000)]
  0x000002012d296800 JavaThread "jar transforms Thread 7" [_thread_blocked, id=10308, stack(0x000000b480600000,0x000000b480700000)]
  0x000002012d297800 JavaThread "jar transforms Thread 8" [_thread_blocked, id=10312, stack(0x000000b480700000,0x000000b480800000)]
  0x000002012d298000 JavaThread "jar transforms Thread 9" [_thread_blocked, id=10320, stack(0x000000b480800000,0x000000b480900000)]
  0x000002012d29c800 JavaThread "jar transforms Thread 10" [_thread_blocked, id=10324, stack(0x000000b480900000,0x000000b480a00000)]
  0x000002012d29a800 JavaThread "jar transforms Thread 11" [_thread_blocked, id=10328, stack(0x000000b480a00000,0x000000b480b00000)]
  0x000002012d29b800 JavaThread "jar transforms Thread 12" [_thread_blocked, id=10332, stack(0x000000b480b00000,0x000000b480c00000)]
  0x000002012d29d000 JavaThread "jar transforms Thread 13" [_thread_blocked, id=10336, stack(0x000000b480c00000,0x000000b480d00000)]
  0x000002012d29e000 JavaThread "jar transforms Thread 14" [_thread_blocked, id=10340, stack(0x000000b480d00000,0x000000b480e00000)]
  0x000002012d29f000 JavaThread "jar transforms Thread 15" [_thread_blocked, id=10344, stack(0x000000b480e00000,0x000000b480f00000)]
  0x000002012d299000 JavaThread "jar transforms Thread 16" [_thread_blocked, id=10348, stack(0x000000b480f00000,0x000000b481000000)]
  0x000002012d2a4800 JavaThread "jar transforms Thread 17" [_thread_blocked, id=10352, stack(0x000000b481000000,0x000000b481100000)]
  0x000002012d2a3000 JavaThread "jar transforms Thread 18" [_thread_blocked, id=10356, stack(0x000000b481100000,0x000000b481200000)]
  0x000002012d2a3800 JavaThread "jar transforms Thread 19" [_thread_blocked, id=10360, stack(0x000000b481200000,0x000000b481300000)]
  0x000002012d2a2000 JavaThread "jar transforms Thread 20" [_thread_blocked, id=10364, stack(0x000000b481300000,0x000000b481400000)]
  0x000002012d29f800 JavaThread "jar transforms Thread 21" [_thread_blocked, id=10368, stack(0x000000b481400000,0x000000b481500000)]
  0x000002012d2a0800 JavaThread "Cache worker for checksums cache (C:\Users\kma_s\Documents\PROJETOS ANDROID\ZENITECH\SIAC_MOBILE_VERSIONADO\.gradle\checksums)" [_thread_blocked, id=10448, stack(0x000000b481500000,0x000000b481600000)]
  0x000002012d2a1000 JavaThread "Cache worker for cache directory md-supplier (C:\Users\kma_s\.gradle\caches\6.8.3\md-supplier)" [_thread_blocked, id=10460, stack(0x000000b481600000,0x000000b481700000)]
  0x000002012cc77800 JavaThread "Cache worker for cache directory md-rule (C:\Users\kma_s\.gradle\caches\6.8.3\md-rule)" [_thread_blocked, id=10464, stack(0x000000b481700000,0x000000b481800000)]
  0x000002012cc7a800 JavaThread "Cache worker for execution history cache (C:\Users\kma_s\.gradle\caches\6.8.3\executionHistory)" [_thread_blocked, id=10472, stack(0x000000b481800000,0x000000b481900000)]
  0x000002012cc7b800 JavaThread "Cache worker for file content cache (C:\Users\kma_s\.gradle\caches\6.8.3\fileContent)" [_thread_blocked, id=10504, stack(0x000000b481a00000,0x000000b481b00000)]
  0x000002012ccc6800 JavaThread "C2 CompilerThread1" daemon [_thread_blocked, id=10524, stack(0x000000b481900000,0x000000b481a00000)]

Other Threads:
  0x0000020129b50000 VMThread "VM Thread" [stack: 0x000000b4fe000000,0x000000b4fe100000] [id=4396]
  0x000002012a66c000 WatcherThread [stack: 0x000000b4fea00000,0x000000b4feb00000] [id=9692]
  0x0000020111434800 GCTaskThread "GC Thread#0" [stack: 0x000000b4fdb00000,0x000000b4fdc00000] [id=8564]
  0x000002012a904000 GCTaskThread "GC Thread#1" [stack: 0x000000b4fec00000,0x000000b4fed00000] [id=7252]
  0x000002012a988000 GCTaskThread "GC Thread#2" [stack: 0x000000b4fed00000,0x000000b4fee00000] [id=6300]
  0x000002012b9b2800 GCTaskThread "GC Thread#3" [stack: 0x000000b4ff900000,0x000000b4ffa00000] [id=7068]
  0x000002011145a800 ConcurrentGCThread "G1 Main Marker" [stack: 0x000000b4fdc00000,0x000000b4fdd00000] [id=4864]
  0x000002011145d000 ConcurrentGCThread "G1 Conc#0" [stack: 0x000000b4fdd00000,0x000000b4fde00000] [id=6396]
  0x00000201114e8000 ConcurrentGCThread "G1 Refine#0" [stack: 0x000000b4fde00000,0x000000b4fdf00000] [id=480]
  0x00000201114e9000 ConcurrentGCThread "G1 Young RemSet Sampling" [stack: 0x000000b4fdf00000,0x000000b4fe000000] [id=2628]

Threads with active compile tasks:
C1 CompilerThread0   7393 3372       3       groovyjarjarasm.asm.ClassReader::readCode (5089 bytes)
C2 CompilerThread1   7393 3350   !   4       jdk.internal.loader.Resource::getBytes (242 bytes)

VM state:synchronizing (normal execution)

VM Mutex/Monitor currently owned by a thread:  ([mutex/lock_event])
[0x00000201114187a0] Threads_lock - owner thread: 0x0000020129b50000

Heap address: 0x00000000a0000000, size: 1536 MB, Compressed Oops mode: 32-bit
Narrow klass base: 0x0000000000000000, Narrow klass shift: 3
Compressed class space size: 1073741824 Address: 0x0000000100000000

Heap:
 garbage-first heap   total 129024K, used 42262K [0x00000000a0000000, 0x0000000100000000)
  region size 1024K, 6 young (6144K), 4 survivors (4096K)
 Metaspace       used 41628K, capacity 42677K, committed 42880K, reserved 1087488K
  class space    used 5336K, capacity 5706K, committed 5760K, reserved 1048576K
Heap Regions: E=young(eden), S=young(survivor), O=old, HS=humongous(starts), HC=humongous(continues), CS=collection set, F=free, A=archive, TAMS=top-at-mark-start (previous, next)
|   0|0x00000000a0000000, 0x00000000a0100000, 0x00000000a0100000|100%| O|  |TAMS 0x00000000a0100000, 0x00000000a0000000| Untracked 
|   1|0x00000000a0100000, 0x00000000a0200000, 0x00000000a0200000|100%| O|  |TAMS 0x00000000a0200000, 0x00000000a0100000| Untracked 
|   2|0x00000000a0200000, 0x00000000a0300000, 0x00000000a0300000|100%| O|  |TAMS 0x00000000a0300000, 0x00000000a0200000| Untracked 
|   3|0x00000000a0300000, 0x00000000a0400000, 0x00000000a0400000|100%|HS|  |TAMS 0x00000000a0400000, 0x00000000a0300000| Complete 
|   4|0x00000000a0400000, 0x00000000a0500000, 0x00000000a0500000|100%|HC|  |TAMS 0x00000000a0500000, 0x00000000a0400000| Complete 
|   5|0x00000000a0500000, 0x00000000a0600000, 0x00000000a0600000|100%|HC|  |TAMS 0x00000000a0600000, 0x00000000a0500000| Complete 
|   6|0x00000000a0600000, 0x00000000a0700000, 0x00000000a0700000|100%| O|  |TAMS 0x00000000a0700000, 0x00000000a0600000| Untracked 
|   7|0x00000000a0700000, 0x00000000a0800000, 0x00000000a0800000|100%| O|  |TAMS 0x00000000a0800000, 0x00000000a0700000| Untracked 
|   8|0x00000000a0800000, 0x00000000a0900000, 0x00000000a0900000|100%| O|  |TAMS 0x00000000a0900000, 0x00000000a0800000| Untracked 
|   9|0x00000000a0900000, 0x00000000a0a00000, 0x00000000a0a00000|100%| O|  |TAMS 0x00000000a0a00000, 0x00000000a0900000| Untracked 
|  10|0x00000000a0a00000, 0x00000000a0b00000, 0x00000000a0b00000|100%| O|  |TAMS 0x00000000a0b00000, 0x00000000a0a00000| Untracked 
|  11|0x00000000a0b00000, 0x00000000a0c00000, 0x00000000a0c00000|100%| O|  |TAMS 0x00000000a0c00000, 0x00000000a0b00000| Untracked 
|  12|0x00000000a0c00000, 0x00000000a0d00000, 0x00000000a0d00000|100%| O|  |TAMS 0x00000000a0d00000, 0x00000000a0c00000| Untracked 
|  13|0x00000000a0d00000, 0x00000000a0e00000, 0x00000000a0e00000|100%|HS|  |TAMS 0x00000000a0e00000, 0x00000000a0d00000| Complete 
|  14|0x00000000a0e00000, 0x00000000a0f00000, 0x00000000a0f00000|100%|HC|  |TAMS 0x00000000a0f00000, 0x00000000a0e00000| Complete 
|  15|0x00000000a0f00000, 0x00000000a1000000, 0x00000000a1000000|100%|HS|  |TAMS 0x00000000a1000000, 0x00000000a0f00000| Complete 
|  16|0x00000000a1000000, 0x00000000a1100000, 0x00000000a1100000|100%|HC|  |TAMS 0x00000000a1100000, 0x00000000a1000000| Complete 
|  17|0x00000000a1100000, 0x00000000a1200000, 0x00000000a1200000|100%|HC|  |TAMS 0x00000000a1200000, 0x00000000a1100000| Complete 
|  18|0x00000000a1200000, 0x00000000a1300000, 0x00000000a1300000|100%|HS|  |TAMS 0x00000000a1300000, 0x00000000a1200000| Complete 
|  19|0x00000000a1300000, 0x00000000a1400000, 0x00000000a1400000|100%|HC|  |TAMS 0x00000000a1400000, 0x00000000a1300000| Complete 
|  20|0x00000000a1400000, 0x00000000a1500000, 0x00000000a1500000|100%|HC|  |TAMS 0x00000000a1500000, 0x00000000a1400000| Complete 
|  21|0x00000000a1500000, 0x00000000a1600000, 0x00000000a1600000|100%|HC|  |TAMS 0x00000000a1600000, 0x00000000a1500000| Complete 
|  22|0x00000000a1600000, 0x00000000a1700000, 0x00000000a1700000|100%| O|  |TAMS 0x00000000a1700000, 0x00000000a1600000| Untracked 
|  23|0x00000000a1700000, 0x00000000a1800000, 0x00000000a1800000|100%| O|  |TAMS 0x00000000a1800000, 0x00000000a1700000| Untracked 
|  24|0x00000000a1800000, 0x00000000a1900000, 0x00000000a1900000|100%| O|  |TAMS 0x00000000a1841600, 0x00000000a1800000| Untracked 
|  25|0x00000000a1900000, 0x00000000a1900000, 0x00000000a1a00000|  0%| F|  |TAMS 0x00000000a1900000, 0x00000000a1900000| Untracked 
|  26|0x00000000a1a00000, 0x00000000a1a00000, 0x00000000a1b00000|  0%| F|  |TAMS 0x00000000a1a00000, 0x00000000a1a00000| Untracked 
|  27|0x00000000a1b00000, 0x00000000a1b00000, 0x00000000a1c00000|  0%| F|  |TAMS 0x00000000a1b00000, 0x00000000a1b00000| Untracked 
|  28|0x00000000a1c00000, 0x00000000a1d00000, 0x00000000a1d00000|100%|HS|  |TAMS 0x00000000a1c00000, 0x00000000a1c00000| Complete 
|  29|0x00000000a1d00000, 0x00000000a1e00000, 0x00000000a1e00000|100%|HC|  |TAMS 0x00000000a1d00000, 0x00000000a1d00000| Complete 
|  30|0x00000000a1e00000, 0x00000000a1f00000, 0x00000000a1f00000|100%|HC|  |TAMS 0x00000000a1e00000, 0x00000000a1e00000| Complete 
|  31|0x00000000a1f00000, 0x00000000a2000000, 0x00000000a2000000|100%|HC|  |TAMS 0x00000000a1f00000, 0x00000000a1f00000| Complete 
|  32|0x00000000a2000000, 0x00000000a2100000, 0x00000000a2100000|100%| O|  |TAMS 0x00000000a2000000, 0x00000000a2000000| Untracked 
|  33|0x00000000a2100000, 0x00000000a2200000, 0x00000000a2200000|100%| O|  |TAMS 0x00000000a2100000, 0x00000000a2100000| Untracked 
|  34|0x00000000a2200000, 0x00000000a2300000, 0x00000000a2300000|100%| O|  |TAMS 0x00000000a2200000, 0x00000000a2200000| Untracked 
|  35|0x00000000a2300000, 0x00000000a2400000, 0x00000000a2400000|100%| O|  |TAMS 0x00000000a2300000, 0x00000000a2300000| Untracked 
|  36|0x00000000a2400000, 0x00000000a2500000, 0x00000000a2500000|100%| O|  |TAMS 0x00000000a2400000, 0x00000000a2400000| Untracked 
|  37|0x00000000a2500000, 0x00000000a2600000, 0x00000000a2600000|100%| O|  |TAMS 0x00000000a2500000, 0x00000000a2500000| Untracked 
|  38|0x00000000a2600000, 0x00000000a2700000, 0x00000000a2700000|100%| O|  |TAMS 0x00000000a2600000, 0x00000000a2600000| Untracked 
|  39|0x00000000a2700000, 0x00000000a2745a00, 0x00000000a2800000| 27%| O|  |TAMS 0x00000000a2700000, 0x00000000a2700000| Untracked 
|  40|0x00000000a2800000, 0x00000000a2800000, 0x00000000a2900000|  0%| F|  |TAMS 0x00000000a2800000, 0x00000000a2800000| Untracked 
|  41|0x00000000a2900000, 0x00000000a2900000, 0x00000000a2a00000|  0%| F|  |TAMS 0x00000000a2900000, 0x00000000a2900000| Untracked 
|  42|0x00000000a2a00000, 0x00000000a2a00000, 0x00000000a2b00000|  0%| F|  |TAMS 0x00000000a2a00000, 0x00000000a2a00000| Untracked 
|  43|0x00000000a2b00000, 0x00000000a2b00000, 0x00000000a2c00000|  0%| F|  |TAMS 0x00000000a2b00000, 0x00000000a2b00000| Untracked 
|  44|0x00000000a2c00000, 0x00000000a2c00000, 0x00000000a2d00000|  0%| F|  |TAMS 0x00000000a2c00000, 0x00000000a2c00000| Untracked 
|  45|0x00000000a2d00000, 0x00000000a2d00000, 0x00000000a2e00000|  0%| F|  |TAMS 0x00000000a2d00000, 0x00000000a2d00000| Untracked 
|  46|0x00000000a2e00000, 0x00000000a2e00000, 0x00000000a2f00000|  0%| F|  |TAMS 0x00000000a2e00000, 0x00000000a2e00000| Untracked 
|  47|0x00000000a2f00000, 0x00000000a2f00000, 0x00000000a3000000|  0%| F|  |TAMS 0x00000000a2f00000, 0x00000000a2f00000| Untracked 
|  48|0x00000000a3000000, 0x00000000a3000000, 0x00000000a3100000|  0%| F|  |TAMS 0x00000000a3000000, 0x00000000a3000000| Untracked 
|  49|0x00000000a3100000, 0x00000000a3100000, 0x00000000a3200000|  0%| F|  |TAMS 0x00000000a3100000, 0x00000000a3100000| Untracked 
|  50|0x00000000a3200000, 0x00000000a3200000, 0x00000000a3300000|  0%| F|  |TAMS 0x00000000a3200000, 0x00000000a3200000| Untracked 
|  51|0x00000000a3300000, 0x00000000a3300000, 0x00000000a3400000|  0%| F|  |TAMS 0x00000000a3300000, 0x00000000a3300000| Untracked 
|  52|0x00000000a3400000, 0x00000000a3400000, 0x00000000a3500000|  0%| F|  |TAMS 0x00000000a3400000, 0x00000000a3400000| Untracked 
|  53|0x00000000a3500000, 0x00000000a3500000, 0x00000000a3600000|  0%| F|  |TAMS 0x00000000a3500000, 0x00000000a3500000| Untracked 
|  54|0x00000000a3600000, 0x00000000a3600000, 0x00000000a3700000|  0%| F|  |TAMS 0x00000000a3600000, 0x00000000a3600000| Untracked 
|  55|0x00000000a3700000, 0x00000000a3700000, 0x00000000a3800000|  0%| F|  |TAMS 0x00000000a3700000, 0x00000000a3700000| Untracked 
|  56|0x00000000a3800000, 0x00000000a3800000, 0x00000000a3900000|  0%| F|  |TAMS 0x00000000a3800000, 0x00000000a3800000| Untracked 
|  57|0x00000000a3900000, 0x00000000a3900000, 0x00000000a3a00000|  0%| F|  |TAMS 0x00000000a3900000, 0x00000000a3900000| Untracked 
|  58|0x00000000a3a00000, 0x00000000a3a00000, 0x00000000a3b00000|  0%| F|  |TAMS 0x00000000a3a00000, 0x00000000a3a00000| Untracked 
|  59|0x00000000a3b00000, 0x00000000a3b00000, 0x00000000a3c00000|  0%| F|  |TAMS 0x00000000a3b00000, 0x00000000a3b00000| Untracked 
|  60|0x00000000a3c00000, 0x00000000a3c00000, 0x00000000a3d00000|  0%| F|  |TAMS 0x00000000a3c00000, 0x00000000a3c00000| Untracked 
|  61|0x00000000a3d00000, 0x00000000a3d00000, 0x00000000a3e00000|  0%| F|  |TAMS 0x00000000a3d00000, 0x00000000a3d00000| Untracked 
|  62|0x00000000a3e00000, 0x00000000a3e00000, 0x00000000a3f00000|  0%| F|  |TAMS 0x00000000a3e00000, 0x00000000a3e00000| Untracked 
|  63|0x00000000a3f00000, 0x00000000a3f00000, 0x00000000a4000000|  0%| F|  |TAMS 0x00000000a3f00000, 0x00000000a3f00000| Untracked 
|  64|0x00000000a4000000, 0x00000000a4000000, 0x00000000a4100000|  0%| F|  |TAMS 0x00000000a4000000, 0x00000000a4000000| Untracked 
|  65|0x00000000a4100000, 0x00000000a4100000, 0x00000000a4200000|  0%| F|  |TAMS 0x00000000a4100000, 0x00000000a4100000| Untracked 
|  66|0x00000000a4200000, 0x00000000a4200000, 0x00000000a4300000|  0%| F|  |TAMS 0x00000000a4200000, 0x00000000a4200000| Untracked 
|  67|0x00000000a4300000, 0x00000000a4300000, 0x00000000a4400000|  0%| F|  |TAMS 0x00000000a4300000, 0x00000000a4300000| Untracked 
|  68|0x00000000a4400000, 0x00000000a4500000, 0x00000000a4500000|100%| S|CS|TAMS 0x00000000a4400000, 0x00000000a4400000| Complete 
|  69|0x00000000a4500000, 0x00000000a4600000, 0x00000000a4600000|100%| S|CS|TAMS 0x00000000a4500000, 0x00000000a4500000| Complete 
|  70|0x00000000a4600000, 0x00000000a4700000, 0x00000000a4700000|100%| S|CS|TAMS 0x00000000a4600000, 0x00000000a4600000| Complete 
|  71|0x00000000a4700000, 0x00000000a4800000, 0x00000000a4800000|100%| S|CS|TAMS 0x00000000a4700000, 0x00000000a4700000| Complete 
|  72|0x00000000a4800000, 0x00000000a4800000, 0x00000000a4900000|  0%| F|  |TAMS 0x00000000a4800000, 0x00000000a4800000| Untracked 
|  73|0x00000000a4900000, 0x00000000a4900000, 0x00000000a4a00000|  0%| F|  |TAMS 0x00000000a4900000, 0x00000000a4900000| Untracked 
|  74|0x00000000a4a00000, 0x00000000a4a00000, 0x00000000a4b00000|  0%| F|  |TAMS 0x00000000a4a00000, 0x00000000a4a00000| Untracked 
|  75|0x00000000a4b00000, 0x00000000a4b00000, 0x00000000a4c00000|  0%| F|  |TAMS 0x00000000a4b00000, 0x00000000a4b00000| Untracked 
|  76|0x00000000a4c00000, 0x00000000a4c00000, 0x00000000a4d00000|  0%| F|  |TAMS 0x00000000a4c00000, 0x00000000a4c00000| Untracked 
|  77|0x00000000a4d00000, 0x00000000a4d00000, 0x00000000a4e00000|  0%| F|  |TAMS 0x00000000a4d00000, 0x00000000a4d00000| Untracked 
|  78|0x00000000a4e00000, 0x00000000a4e00000, 0x00000000a4f00000|  0%| F|  |TAMS 0x00000000a4e00000, 0x00000000a4e00000| Untracked 
|  79|0x00000000a4f00000, 0x00000000a4f00000, 0x00000000a5000000|  0%| F|  |TAMS 0x00000000a4f00000, 0x00000000a4f00000| Untracked 
|  80|0x00000000a5000000, 0x00000000a5000000, 0x00000000a5100000|  0%| F|  |TAMS 0x00000000a5000000, 0x00000000a5000000| Untracked 
|  81|0x00000000a5100000, 0x00000000a5100000, 0x00000000a5200000|  0%| F|  |TAMS 0x00000000a5100000, 0x00000000a5100000| Untracked 
|  82|0x00000000a5200000, 0x00000000a5200000, 0x00000000a5300000|  0%| F|  |TAMS 0x00000000a5200000, 0x00000000a5200000| Untracked 
|  83|0x00000000a5300000, 0x00000000a5300000, 0x00000000a5400000|  0%| F|  |TAMS 0x00000000a5300000, 0x00000000a5300000| Untracked 
|  84|0x00000000a5400000, 0x00000000a5400000, 0x00000000a5500000|  0%| F|  |TAMS 0x00000000a5400000, 0x00000000a5400000| Untracked 
|  85|0x00000000a5500000, 0x00000000a5500000, 0x00000000a5600000|  0%| F|  |TAMS 0x00000000a5500000, 0x00000000a5500000| Untracked 
|  86|0x00000000a5600000, 0x00000000a5600000, 0x00000000a5700000|  0%| F|  |TAMS 0x00000000a5600000, 0x00000000a5600000| Untracked 
|  87|0x00000000a5700000, 0x00000000a5700000, 0x00000000a5800000|  0%| F|  |TAMS 0x00000000a5700000, 0x00000000a5700000| Untracked 
|  88|0x00000000a5800000, 0x00000000a5800000, 0x00000000a5900000|  0%| F|  |TAMS 0x00000000a5800000, 0x00000000a5800000| Untracked 
|  89|0x00000000a5900000, 0x00000000a5900000, 0x00000000a5a00000|  0%| F|  |TAMS 0x00000000a5900000, 0x00000000a5900000| Untracked 
|  90|0x00000000a5a00000, 0x00000000a5a00000, 0x00000000a5b00000|  0%| F|  |TAMS 0x00000000a5a00000, 0x00000000a5a00000| Untracked 
|  91|0x00000000a5b00000, 0x00000000a5b00000, 0x00000000a5c00000|  0%| F|  |TAMS 0x00000000a5b00000, 0x00000000a5b00000| Untracked 
|  92|0x00000000a5c00000, 0x00000000a5c00000, 0x00000000a5d00000|  0%| F|  |TAMS 0x00000000a5c00000, 0x00000000a5c00000| Untracked 
|  93|0x00000000a5d00000, 0x00000000a5d00000, 0x00000000a5e00000|  0%| F|  |TAMS 0x00000000a5d00000, 0x00000000a5d00000| Untracked 
|  94|0x00000000a5e00000, 0x00000000a5e00000, 0x00000000a5f00000|  0%| F|  |TAMS 0x00000000a5e00000, 0x00000000a5e00000| Untracked 
|  95|0x00000000a5f00000, 0x00000000a5f00000, 0x00000000a6000000|  0%| F|  |TAMS 0x00000000a5f00000, 0x00000000a5f00000| Untracked 
|  96|0x00000000a6000000, 0x00000000a6000000, 0x00000000a6100000|  0%| F|  |TAMS 0x00000000a6000000, 0x00000000a6000000| Untracked 
|  97|0x00000000a6100000, 0x00000000a6100000, 0x00000000a6200000|  0%| F|  |TAMS 0x00000000a6100000, 0x00000000a6100000| Untracked 
|  98|0x00000000a6200000, 0x00000000a6200000, 0x00000000a6300000|  0%| F|  |TAMS 0x00000000a6200000, 0x00000000a6200000| Untracked 
|  99|0x00000000a6300000, 0x00000000a6300000, 0x00000000a6400000|  0%| F|  |TAMS 0x00000000a6300000, 0x00000000a6300000| Untracked 
| 100|0x00000000a6400000, 0x00000000a6400000, 0x00000000a6500000|  0%| F|  |TAMS 0x00000000a6400000, 0x00000000a6400000| Untracked 
| 101|0x00000000a6500000, 0x00000000a6500000, 0x00000000a6600000|  0%| F|  |TAMS 0x00000000a6500000, 0x00000000a6500000| Untracked 
| 102|0x00000000a6600000, 0x00000000a6600000, 0x00000000a6700000|  0%| F|  |TAMS 0x00000000a6600000, 0x00000000a6600000| Untracked 
| 103|0x00000000a6700000, 0x00000000a6700000, 0x00000000a6800000|  0%| F|  |TAMS 0x00000000a6700000, 0x00000000a6700000| Untracked 
| 104|0x00000000a6800000, 0x00000000a6800000, 0x00000000a6900000|  0%| F|  |TAMS 0x00000000a6800000, 0x00000000a6800000| Untracked 
| 105|0x00000000a6900000, 0x00000000a6900000, 0x00000000a6a00000|  0%| F|  |TAMS 0x00000000a6900000, 0x00000000a6900000| Untracked 
| 106|0x00000000a6a00000, 0x00000000a6a00000, 0x00000000a6b00000|  0%| F|  |TAMS 0x00000000a6a00000, 0x00000000a6a00000| Untracked 
| 107|0x00000000a6b00000, 0x00000000a6b00000, 0x00000000a6c00000|  0%| F|  |TAMS 0x00000000a6b00000, 0x00000000a6b00000| Untracked 
| 108|0x00000000a6c00000, 0x00000000a6c00000, 0x00000000a6d00000|  0%| F|  |TAMS 0x00000000a6c00000, 0x00000000a6c00000| Untracked 
| 109|0x00000000a6d00000, 0x00000000a6d00000, 0x00000000a6e00000|  0%| F|  |TAMS 0x00000000a6d00000, 0x00000000a6d00000| Untracked 
| 110|0x00000000a6e00000, 0x00000000a6e00000, 0x00000000a6f00000|  0%| F|  |TAMS 0x00000000a6e00000, 0x00000000a6e00000| Untracked 
| 111|0x00000000a6f00000, 0x00000000a6f00000, 0x00000000a7000000|  0%| F|  |TAMS 0x00000000a6f00000, 0x00000000a6f00000| Untracked 
| 112|0x00000000a7000000, 0x00000000a7000000, 0x00000000a7100000|  0%| F|  |TAMS 0x00000000a7000000, 0x00000000a7000000| Untracked 
| 113|0x00000000a7100000, 0x00000000a7100000, 0x00000000a7200000|  0%| F|  |TAMS 0x00000000a7100000, 0x00000000a7100000| Untracked 
| 114|0x00000000a7200000, 0x00000000a7200000, 0x00000000a7300000|  0%| F|  |TAMS 0x00000000a7200000, 0x00000000a7200000| Untracked 
| 115|0x00000000a7300000, 0x00000000a7300000, 0x00000000a7400000|  0%| F|  |TAMS 0x00000000a7300000, 0x00000000a7300000| Untracked 
| 116|0x00000000a7400000, 0x00000000a7400000, 0x00000000a7500000|  0%| F|  |TAMS 0x00000000a7400000, 0x00000000a7400000| Untracked 
| 117|0x00000000a7500000, 0x00000000a7500000, 0x00000000a7600000|  0%| F|  |TAMS 0x00000000a7500000, 0x00000000a7500000| Untracked 
| 118|0x00000000a7600000, 0x00000000a7600000, 0x00000000a7700000|  0%| F|  |TAMS 0x00000000a7600000, 0x00000000a7600000| Untracked 
| 119|0x00000000a7700000, 0x00000000a7700000, 0x00000000a7800000|  0%| F|  |TAMS 0x00000000a7700000, 0x00000000a7700000| Untracked 
| 120|0x00000000a7800000, 0x00000000a7800000, 0x00000000a7900000|  0%| F|  |TAMS 0x00000000a7800000, 0x00000000a7800000| Untracked 
| 121|0x00000000a7900000, 0x00000000a7900000, 0x00000000a7a00000|  0%| F|  |TAMS 0x00000000a7900000, 0x00000000a7900000| Untracked 
| 122|0x00000000a7a00000, 0x00000000a7a00000, 0x00000000a7b00000|  0%| F|  |TAMS 0x00000000a7a00000, 0x00000000a7a00000| Untracked 
| 123|0x00000000a7b00000, 0x00000000a7b00000, 0x00000000a7c00000|  0%| F|  |TAMS 0x00000000a7b00000, 0x00000000a7b00000| Untracked 
| 124|0x00000000a7c00000, 0x00000000a7ca2b28, 0x00000000a7d00000| 63%| E|  |TAMS 0x00000000a7c00000, 0x00000000a7c00000| Complete 
| 125|0x00000000a7d00000, 0x00000000a7e00000, 0x00000000a7e00000|100%| E|CS|TAMS 0x00000000a7d00000, 0x00000000a7d00000| Complete 

Card table byte_map: [0x00000201240a0000,0x00000201243a0000] _byte_map_base: 0x0000020123ba0000

Marking Bits (Prev, Next): (CMBitMap*) 0x0000020111453c98, (CMBitMap*) 0x0000020111453cd0
 Prev Bits: [0x00000201246a0000, 0x0000020125ea0000)
 Next Bits: [0x0000020125ea0000, 0x00000201276a0000)

Polling page: 0x0000020110c00000

Metaspace:

Usage:
  Non-class:     36.10 MB capacity,    35.44 MB ( 98%) used,   589.55 KB (  2%) free+waste,    89.75 KB ( <1%) overhead. 
      Class:      5.57 MB capacity,     5.21 MB ( 94%) used,   325.70 KB (  6%) free+waste,    43.81 KB ( <1%) overhead. 
       Both:     41.68 MB capacity,    40.65 MB ( 98%) used,   915.26 KB (  2%) free+waste,   133.56 KB ( <1%) overhead. 

Virtual space:
  Non-class space:       38.00 MB reserved,      36.25 MB ( 95%) committed 
      Class space:        1.00 GB reserved,       5.63 MB ( <1%) committed 
             Both:        1.04 GB reserved,      41.88 MB (  4%) committed 

Chunk freelists:
   Non-Class:  21.00 KB
       Class:  22.00 KB
        Both:  43.00 KB

MaxMetaspaceSize: 17179869184.00 GB
CompressedClassSpaceSize: 1.00 GB

CodeHeap 'non-profiled nmethods': size=120064Kb used=1907Kb max_used=1907Kb free=118156Kb
 bounds [0x000002011c860000, 0x000002011cad0000, 0x0000020123da0000]
CodeHeap 'profiled nmethods': size=120000Kb used=6699Kb max_used=6699Kb free=113300Kb
 bounds [0x0000020115330000, 0x00000201159c0000, 0x000002011c860000]
CodeHeap 'non-nmethods': size=5696Kb used=2197Kb max_used=2247Kb free=3498Kb
 bounds [0x0000020114da0000, 0x0000020115010000, 0x0000020115330000]
 total_blobs=3902 nmethods=3140 adapters=673
 compilation: enabled
              stopped_count=0, restarted_count=0
 full_count=0

Compilation events (20 events):
Event: 7.331 Thread 0x0000020129bcd800 3364       3       groovyjarjarasm.asm.Label::accept (65 bytes)
Event: 7.331 Thread 0x0000020129bcd800 nmethod 3364 0x000002011599c990 code [0x000002011599cb80, 0x000002011599d0a8]
Event: 7.331 Thread 0x0000020129bcd800 3366       3       groovyjarjarasm.asm.MethodVisitor::visitInsn (16 bytes)
Event: 7.331 Thread 0x0000020129bcd800 nmethod 3366 0x000002011599d290 code [0x000002011599d440, 0x000002011599d628]
Event: 7.331 Thread 0x0000020129bcd800 3367       3       groovyjarjarasm.asm.Label::addLineNumber (89 bytes)
Event: 7.331 Thread 0x0000020129bcd800 nmethod 3367 0x000002011599d710 code [0x000002011599d900, 0x000002011599de08]
Event: 7.331 Thread 0x0000020129bcd800 3368       3       groovyjarjarasm.asm.MethodVisitor::visitLineNumber (17 bytes)
Event: 7.331 Thread 0x0000020129bcd800 nmethod 3368 0x000002011599df90 code [0x000002011599e140, 0x000002011599e328]
Event: 7.331 Thread 0x0000020129bcd800 3369       3       groovyjarjarasm.asm.ClassReader::readClass (7 bytes)
Event: 7.332 Thread 0x0000020129bcd800 nmethod 3369 0x000002011599e410 code [0x000002011599e600, 0x000002011599ea48]
Event: 7.332 Thread 0x0000020129bcd800 3365       3       groovyjarjarasm.asm.ClassReader::readShort (27 bytes)
Event: 7.332 Thread 0x0000020129bcd800 nmethod 3365 0x000002011599ec90 code [0x000002011599ee40, 0x000002011599efb8]
Event: 7.332 Thread 0x0000020129bcd800 3370       3       java.util.jar.JarFile::getJarEntry (9 bytes)
Event: 7.332 Thread 0x0000020129bcd800 nmethod 3370 0x000002011599f090 code [0x000002011599f260, 0x000002011599f4e8]
Event: 7.333 Thread 0x0000020129bcd800 3371       3       java.net.URL::openConnection (9 bytes)
Event: 7.333 Thread 0x0000020129bcd800 nmethod 3371 0x000002011599f590 code [0x000002011599f740, 0x000002011599f908]
Event: 7.334 Thread 0x0000020129bcd800 3372       3       groovyjarjarasm.asm.ClassReader::readCode (5089 bytes)
Event: 7.340 Thread 0x0000020129b95800 nmethod 3347 0x000002011ca30d10 code [0x000002011ca30fa0, 0x000002011ca329f0]
Event: 7.340 Thread 0x0000020129b95800 3377   !   4       jdk.internal.loader.URLClassPath$JarLoader::getResource (65 bytes)
Event: 7.344 Thread 0x000002012ccc6800 nmethod 3178 0x000002011ca33d10 code [0x000002011ca341e0, 0x000002011ca39158]

GC Heap History (16 events):
Event: 0.451 GC heap before
{Heap before GC invocations=0 (full 0):
 garbage-first heap   total 129024K, used 19456K [0x00000000a0000000, 0x0000000100000000)
  region size 1024K, 14 young (14336K), 0 survivors (0K)
 Metaspace       used 7399K, capacity 7567K, committed 7680K, reserved 1056768K
  class space    used 670K, capacity 716K, committed 768K, reserved 1048576K
}
Event: 0.460 GC heap after
{Heap after GC invocations=1 (full 0):
 garbage-first heap   total 129024K, used 7955K [0x00000000a0000000, 0x0000000100000000)
  region size 1024K, 2 young (2048K), 2 survivors (2048K)
 Metaspace       used 7399K, capacity 7567K, committed 7680K, reserved 1056768K
  class space    used 670K, capacity 716K, committed 768K, reserved 1048576K
}
Event: 0.784 GC heap before
{Heap before GC invocations=1 (full 0):
 garbage-first heap   total 129024K, used 20243K [0x00000000a0000000, 0x0000000100000000)
  region size 1024K, 14 young (14336K), 2 survivors (2048K)
 Metaspace       used 10876K, capacity 11127K, committed 11264K, reserved 1058816K
  class space    used 1144K, capacity 1201K, committed 1280K, reserved 1048576K
}
Event: 0.786 GC heap after
{Heap after GC invocations=2 (full 0):
 garbage-first heap   total 129024K, used 8677K [0x00000000a0000000, 0x0000000100000000)
  region size 1024K, 1 young (1024K), 1 survivors (1024K)
 Metaspace       used 10876K, capacity 11127K, committed 11264K, reserved 1058816K
  class space    used 1144K, capacity 1201K, committed 1280K, reserved 1048576K
}
Event: 1.167 GC heap before
{Heap before GC invocations=2 (full 0):
 garbage-first heap   total 129024K, used 37349K [0x00000000a0000000, 0x0000000100000000)
  region size 1024K, 30 young (30720K), 1 survivors (1024K)
 Metaspace       used 11052K, capacity 11320K, committed 11520K, reserved 1058816K
  class space    used 1146K, capacity 1201K, committed 1280K, reserved 1048576K
}
Event: 1.171 GC heap after
{Heap after GC invocations=3 (full 0):
 garbage-first heap   total 129024K, used 13123K [0x00000000a0000000, 0x0000000100000000)
  region size 1024K, 4 young (4096K), 4 survivors (4096K)
 Metaspace       used 11052K, capacity 11320K, committed 11520K, reserved 1058816K
  class space    used 1146K, capacity 1201K, committed 1280K, reserved 1048576K
}
Event: 2.824 GC heap before
{Heap before GC invocations=3 (full 0):
 garbage-first heap   total 129024K, used 56131K [0x00000000a0000000, 0x0000000100000000)
  region size 1024K, 46 young (47104K), 4 survivors (4096K)
 Metaspace       used 18963K, capacity 19466K, committed 19584K, reserved 1067008K
  class space    used 2280K, capacity 2409K, committed 2432K, reserved 1048576K
}
Event: 2.831 GC heap after
{Heap after GC invocations=4 (full 0):
 garbage-first heap   total 129024K, used 16012K [0x00000000a0000000, 0x0000000100000000)
  region size 1024K, 3 young (3072K), 3 survivors (3072K)
 Metaspace       used 18963K, capacity 19466K, committed 19584K, reserved 1067008K
  class space    used 2280K, capacity 2409K, committed 2432K, reserved 1048576K
}
Event: 2.967 GC heap before
{Heap before GC invocations=4 (full 0):
 garbage-first heap   total 129024K, used 27276K [0x00000000a0000000, 0x0000000100000000)
  region size 1024K, 15 young (15360K), 3 survivors (3072K)
 Metaspace       used 20511K, capacity 21062K, committed 21248K, reserved 1067008K
  class space    used 2491K, capacity 2691K, committed 2816K, reserved 1048576K
}
Event: 2.971 GC heap after
{Heap after GC invocations=5 (full 0):
 garbage-first heap   total 129024K, used 16356K [0x00000000a0000000, 0x0000000100000000)
  region size 1024K, 4 young (4096K), 4 survivors (4096K)
 Metaspace       used 20511K, capacity 21062K, committed 21248K, reserved 1067008K
  class space    used 2491K, capacity 2691K, committed 2816K, reserved 1048576K
}
Event: 4.037 GC heap before
{Heap before GC invocations=6 (full 0):
 garbage-first heap   total 129024K, used 65508K [0x00000000a0000000, 0x0000000100000000)
  region size 1024K, 52 young (53248K), 4 survivors (4096K)
 Metaspace       used 25881K, capacity 26615K, committed 26752K, reserved 1073152K
  class space    used 3387K, capacity 3654K, committed 3712K, reserved 1048576K
}
Event: 4.043 GC heap after
{Heap after GC invocations=7 (full 0):
 garbage-first heap   total 129024K, used 18447K [0x00000000a0000000, 0x0000000100000000)
  region size 1024K, 6 young (6144K), 6 survivors (6144K)
 Metaspace       used 25881K, capacity 26615K, committed 26752K, reserved 1073152K
  class space    used 3387K, capacity 3654K, committed 3712K, reserved 1048576K
}
Event: 5.386 GC heap before
{Heap before GC invocations=7 (full 0):
 garbage-first heap   total 129024K, used 92175K [0x00000000a0000000, 0x0000000100000000)
  region size 1024K, 70 young (71680K), 6 survivors (6144K)
 Metaspace       used 34856K, capacity 35721K, committed 35840K, reserved 1081344K
  class space    used 4574K, capacity 4898K, committed 4992K, reserved 1048576K
}
Event: 5.394 GC heap after
{Heap after GC invocations=8 (full 0):
 garbage-first heap   total 129024K, used 32906K [0x00000000a0000000, 0x0000000100000000)
  region size 1024K, 8 young (8192K), 8 survivors (8192K)
 Metaspace       used 34856K, capacity 35721K, committed 35840K, reserved 1081344K
  class space    used 4574K, capacity 4898K, committed 4992K, reserved 1048576K
}
Event: 7.293 GC heap before
{Heap before GC invocations=9 (full 0):
 garbage-first heap   total 129024K, used 94346K [0x00000000a0000000, 0x0000000100000000)
  region size 1024K, 62 young (63488K), 8 survivors (8192K)
 Metaspace       used 41475K, capacity 42482K, committed 42624K, reserved 1085440K
  class space    used 5323K, capacity 5705K, committed 5760K, reserved 1048576K
}
Event: 7.301 GC heap after
{Heap after GC invocations=10 (full 0):
 garbage-first heap   total 129024K, used 41238K [0x00000000a0000000, 0x0000000100000000)
  region size 1024K, 4 young (4096K), 4 survivors (4096K)
 Metaspace       used 41475K, capacity 42482K, committed 42624K, reserved 1085440K
  class space    used 5323K, capacity 5705K, committed 5760K, reserved 1048576K
}

Deoptimization events (20 events):
Event: 7.105 Thread 0x000002012bf4c800 Uncommon trap: trap_request=0xffffffcc fr.pc=0x000002011ca13f00 relative=0x00000000000010c0
Event: 7.105 Thread 0x000002012bf4c800 Uncommon trap: reason=intrinsic_or_type_checked_inlining action=make_not_entrant pc=0x000002011ca13f00 method=java.util.ArrayList.toArray([Ljava/lang/Object;)[Ljava/lang/Object; @ 36 c2
Event: 7.105 Thread 0x000002012bf4c800 DEOPT PACKING pc=0x000002011ca13f00 sp=0x000000b4ff5fbc10
Event: 7.105 Thread 0x000002012bf4c800 DEOPT UNPACKING pc=0x0000020114dc74af sp=0x000000b4ff5fbb70 mode 2
Event: 7.247 Thread 0x000002012bf4c800 Uncommon trap: trap_request=0xffffff4d fr.pc=0x000002011ca25230 relative=0x0000000000000490
Event: 7.247 Thread 0x000002012bf4c800 Uncommon trap: reason=unstable_if action=reinterpret pc=0x000002011ca25230 method=groovyjarjarantlr.CharQueue.append(C)V @ 9 c2
Event: 7.247 Thread 0x000002012bf4c800 DEOPT PACKING pc=0x000002011ca25230 sp=0x000000b4ff5f9740
Event: 7.247 Thread 0x000002012bf4c800 DEOPT UNPACKING pc=0x0000020114dc74af sp=0x000000b4ff5f95b8 mode 2
Event: 7.247 Thread 0x000002012bf4c800 Uncommon trap: trap_request=0xffffff7e fr.pc=0x000002011ca1a728 relative=0x00000000000003a8
Event: 7.247 Thread 0x000002012bf4c800 Uncommon trap: reason=predicate action=maybe_recompile pc=0x000002011ca1a728 method=groovyjarjarantlr.InputBuffer.syncConsume()V @ 4 c2
Event: 7.247 Thread 0x000002012bf4c800 DEOPT PACKING pc=0x000002011ca1a728 sp=0x000000b4ff5f9600
Event: 7.247 Thread 0x000002012bf4c800 DEOPT UNPACKING pc=0x0000020114dc74af sp=0x000000b4ff5f9548 mode 2
Event: 7.247 Thread 0x000002012bf4c800 Uncommon trap: trap_request=0xffffff7e fr.pc=0x000002011ca191cc relative=0x00000000000000ac
Event: 7.247 Thread 0x000002012bf4c800 Uncommon trap: reason=predicate action=maybe_recompile pc=0x000002011ca191cc method=groovyjarjarantlr.InputBuffer.syncConsume()V @ 4 c2
Event: 7.247 Thread 0x000002012bf4c800 DEOPT PACKING pc=0x000002011ca191cc sp=0x000000b4ff5f96a0
Event: 7.247 Thread 0x000002012bf4c800 DEOPT UNPACKING pc=0x0000020114dc74af sp=0x000000b4ff5f9640 mode 2
Event: 7.329 Thread 0x000002012bf4c800 Uncommon trap: trap_request=0xffffffc6 fr.pc=0x000002011c988e20 relative=0x00000000000055a0
Event: 7.329 Thread 0x000002012bf4c800 Uncommon trap: reason=bimorphic_or_optimized_type_check action=maybe_recompile pc=0x000002011c988e20 method=java.net.URL.<init>(Ljava/net/URL;Ljava/lang/String;Ljava/net/URLStreamHandler;)V @ 504 c2
Event: 7.329 Thread 0x000002012bf4c800 DEOPT PACKING pc=0x000002011c988e20 sp=0x000000b4ff5f9780
Event: 7.329 Thread 0x000002012bf4c800 DEOPT UNPACKING pc=0x0000020114dc74af sp=0x000000b4ff5f9740 mode 2

Classes redefined (0 events):
No events

Internal exceptions (20 events):
Event: 5.966 Thread 0x000002012bf4c800 Exception <a 'java/lang/ClassNotFoundException'{0x00000000a7077ed8}: org/gradle/api/internal/initialization/DefaultScriptHandlerBeanInfo> (0x00000000a7077ed8) thrown at [./src/hotspot/share/classfile/systemDictionary.cpp, line 231]
Event: 5.967 Thread 0x000002012bf4c800 Exception <a 'java/lang/ClassNotFoundException'{0x00000000a709e7b8}: org/gradle/api/internal/initialization/DefaultScriptHandlerCustomizer> (0x00000000a709e7b8) thrown at [./src/hotspot/share/classfile/systemDictionary.cpp, line 231]
Event: 6.146 Thread 0x000002012bf4c800 Exception <a 'java/lang/ClassNotFoundException'{0x00000000a68dd410}: org/gradle/api/internal/artifacts/dsl/dependencies/DefaultDependencyHandler_DecoratedBeanInfo> (0x00000000a68dd410) thrown at [./src/hotspot/share/classfile/systemDictionary.cpp, line 231]
Event: 6.147 Thread 0x000002012bf4c800 Exception <a 'java/lang/ClassNotFoundException'{0x00000000a6718bc0}: org/gradle/api/internal/artifacts/dsl/dependencies/DefaultDependencyHandlerBeanInfo> (0x00000000a6718bc0) thrown at [./src/hotspot/share/classfile/systemDictionary.cpp, line 231]
Event: 6.148 Thread 0x000002012bf4c800 Exception <a 'java/lang/ClassNotFoundException'{0x00000000a6753df8}: org/gradle/api/internal/artifacts/dsl/dependencies/DefaultDependencyHandlerCustomizer> (0x00000000a6753df8) thrown at [./src/hotspot/share/classfile/systemDictionary.cpp, line 231]
Event: 6.152 Thread 0x000002012bf4c800 Exception <a 'java/lang/ClassNotFoundException'{0x00000000a67b2e20}: org/gradle/api/internal/artifacts/dsl/dependencies/DefaultDependencyHandler_DecoratedCustomizer> (0x00000000a67b2e20) thrown at [./src/hotspot/share/classfile/systemDictionary.cpp, line 231]
Event: 6.275 Thread 0x000002012bf4c800 Exception <a 'java/lang/NoSuchMethodError'{0x00000000a6515248}: 'java.lang.Object java.lang.invoke.DirectMethodHandle$Holder.invokeStatic(java.lang.Object, java.lang.Object, int, java.lang.Object)'> (0x00000000a6515248) thrown at [./src/hotspot/share/interpreter/linkResolver.cpp, line 773]
Event: 6.276 Thread 0x000002012bf4c800 Exception <a 'java/lang/NoSuchMethodError'{0x00000000a651c138}: 'java.lang.Object java.lang.invoke.Invokers$Holder.linkToTargetMethod(java.lang.Object, int, java.lang.Object, java.lang.Object)'> (0x00000000a651c138) thrown at [./src/hotspot/share/interpreter/linkResolver.cpp, line 773]
Event: 6.519 Thread 0x000002012bf4c800 Exception <a 'java/lang/NoSuchMethodError'{0x00000000a5a9db48}: 'int java.lang.invoke.DirectMethodHandle$Holder.invokeInterface(java.lang.Object, java.lang.Object)'> (0x00000000a5a9db48) thrown at [./src/hotspot/share/interpreter/linkResolver.cpp, line 773]
Event: 6.519 Thread 0x000002012bf4c800 Exception <a 'java/lang/IncompatibleClassChangeError'{0x00000000a5aa1380}: Found class java.lang.Object, but interface was expected> (0x00000000a5aa1380) thrown at [./src/hotspot/share/interpreter/linkResolver.cpp, line 839]
Event: 6.605 Thread 0x000002012bf4c800 Exception <a 'java/lang/NoSuchMethodError'{0x00000000a582bbb0}: 'java.lang.Object java.lang.invoke.Invokers$Holder.linkToTargetMethod(java.lang.Object, int, java.lang.Object)'> (0x00000000a582bbb0) thrown at [./src/hotspot/share/interpreter/linkResolver.cpp, line 773]
Event: 6.716 Thread 0x000002012bf4c800 Exception <a 'java/lang/NoSuchMethodError'{0x00000000a55be8d8}: 'int java.lang.invoke.DirectMethodHandle$Holder.invokeStaticInit(java.lang.Object)'> (0x00000000a55be8d8) thrown at [./src/hotspot/share/interpreter/linkResolver.cpp, line 773]
Event: 7.017 Thread 0x000002012bf4c800 Exception <a 'java/lang/ClassNotFoundException'{0x00000000a5268a18}: sync_studio_tooling1_b5uzeezapxq7ox2g6gv2sdnxfBeanInfo> (0x00000000a5268a18) thrown at [./src/hotspot/share/classfile/systemDictionary.cpp, line 231]
Event: 7.017 Thread 0x000002012bf4c800 Exception <a 'java/lang/ClassNotFoundException'{0x00000000a5273690}: sync_studio_tooling1_b5uzeezapxq7ox2g6gv2sdnxfCustomizer> (0x00000000a5273690) thrown at [./src/hotspot/share/classfile/systemDictionary.cpp, line 231]
Event: 7.084 Thread 0x000002012bf4c800 Exception <a 'java/lang/ClassNotFoundException'{0x00000000a51cf9e8}: org/gradle/invocation/DefaultGradle_DecoratedBeanInfo> (0x00000000a51cf9e8) thrown at [./src/hotspot/share/classfile/systemDictionary.cpp, line 231]
Event: 7.085 Thread 0x000002012bf4c800 Exception <a 'java/lang/ClassNotFoundException'{0x00000000a51ef618}: org/gradle/invocation/DefaultGradleBeanInfo> (0x00000000a51ef618) thrown at [./src/hotspot/share/classfile/systemDictionary.cpp, line 231]
Event: 7.085 Thread 0x000002012bf4c800 Exception <a 'java/lang/ClassNotFoundException'{0x00000000a5075110}: org/gradle/api/internal/project/AbstractPluginAwareBeanInfo> (0x00000000a5075110) thrown at [./src/hotspot/share/classfile/systemDictionary.cpp, line 231]
Event: 7.087 Thread 0x000002012bf4c800 Exception <a 'java/lang/ClassNotFoundException'{0x00000000a50987c0}: org/gradle/api/internal/project/AbstractPluginAwareCustomizer> (0x00000000a50987c0) thrown at [./src/hotspot/share/classfile/systemDictionary.cpp, line 231]
Event: 7.090 Thread 0x000002012bf4c800 Exception <a 'java/lang/ClassNotFoundException'{0x00000000a50be578}: org/gradle/invocation/DefaultGradleCustomizer> (0x00000000a50be578) thrown at [./src/hotspot/share/classfile/systemDictionary.cpp, line 231]
Event: 7.094 Thread 0x000002012bf4c800 Exception <a 'java/lang/ClassNotFoundException'{0x00000000a4f0f658}: org/gradle/invocation/DefaultGradle_DecoratedCustomizer> (0x00000000a4f0f658) thrown at [./src/hotspot/share/classfile/systemDictionary.cpp, line 231]

Events (20 events):
Event: 7.328 Executing VM operation: RevokeBias
Event: 7.328 Executing VM operation: RevokeBias done
Event: 7.328 loading class sun/net/www/protocol/jrt/JavaRuntimeURLConnection
Event: 7.328 loading class sun/net/www/protocol/jrt/JavaRuntimeURLConnection done
Event: 7.329 loading class sun/net/www/protocol/jrt/JavaRuntimeURLConnection$1
Event: 7.329 loading class sun/net/www/protocol/jrt/JavaRuntimeURLConnection$1 done
Event: 7.329 Executing VM operation: Deoptimize
Event: 7.329 Executing VM operation: Deoptimize done
Event: 7.330 loading class groovyjarjarasm/asm/Handle
Event: 7.330 loading class groovyjarjarasm/asm/Handle done
Event: 7.332 loading class org/codehaus/groovy/ast/decompiled/ClassSignatureParser
Event: 7.332 loading class org/codehaus/groovy/ast/decompiled/ClassSignatureParser done
Event: 7.332 loading class groovyjarjarasm/asm/signature/SignatureVisitor
Event: 7.332 loading class groovyjarjarasm/asm/signature/SignatureVisitor done
Event: 7.332 loading class org/codehaus/groovy/ast/decompiled/ClassSignatureParser$1
Event: 7.332 loading class org/codehaus/groovy/ast/decompiled/ClassSignatureParser$1 done
Event: 7.333 Executing VM operation: RevokeBias
Event: 7.333 Executing VM operation: RevokeBias done
Event: 7.333 loading class org/codehaus/groovy/ast/decompiled/FormalParameterParser
Event: 7.333 loading class org/codehaus/groovy/ast/decompiled/FormalParameterParser done


Dynamic libraries:
0x00007ff60a3d0000 - 0x00007ff60a3da000 	C:\Program Files\Android\Android Studio\jre\bin\java.exe
0x00007ffb97ed0000 - 0x00007ffb980c5000 	C:\WINDOWS\SYSTEM32\ntdll.dll
0x00007ffb95fd0000 - 0x00007ffb9608d000 	C:\WINDOWS\System32\KERNEL32.DLL
0x00007ffb95ad0000 - 0x00007ffb95d99000 	C:\WINDOWS\System32\KERNELBASE.dll
0x00007ffb959d0000 - 0x00007ffb95ad0000 	C:\WINDOWS\System32\ucrtbase.dll
0x00007ffb7e140000 - 0x00007ffb7e159000 	C:\Program Files\Android\Android Studio\jre\bin\jli.dll
0x00007ffb97790000 - 0x00007ffb97930000 	C:\WINDOWS\System32\USER32.dll
0x00007ffb76820000 - 0x00007ffb76837000 	C:\Program Files\Android\Android Studio\jre\bin\VCRUNTIME140.dll
0x00007ffb959a0000 - 0x00007ffb959c2000 	C:\WINDOWS\System32\win32u.dll
0x00007ffb97740000 - 0x00007ffb9776a000 	C:\WINDOWS\System32\GDI32.dll
0x00007ffb957e0000 - 0x00007ffb958eb000 	C:\WINDOWS\System32\gdi32full.dll
0x00007ffb949e0000 - 0x00007ffb94c7a000 	C:\WINDOWS\WinSxS\amd64_microsoft.windows.common-controls_6595b64144ccf1df_6.0.19041.1110_none_60b5254171f9507e\COMCTL32.dll
0x00007ffb95600000 - 0x00007ffb9569d000 	C:\WINDOWS\System32\msvcp_win.dll
0x00007ffb95f30000 - 0x00007ffb95fce000 	C:\WINDOWS\System32\msvcrt.dll
0x00007ffb973c0000 - 0x00007ffb973f0000 	C:\WINDOWS\System32\IMM32.DLL
0x00007ffb59ce0000 - 0x00007ffb59d7d000 	C:\Program Files\Android\Android Studio\jre\bin\msvcp140.dll
0x00007ffb684c0000 - 0x00007ffb68f7c000 	C:\Program Files\Android\Android Studio\jre\bin\server\jvm.dll
0x00007ffb965a0000 - 0x00007ffb9664c000 	C:\WINDOWS\System32\ADVAPI32.dll
0x00007ffb961c0000 - 0x00007ffb9625b000 	C:\WINDOWS\System32\sechost.dll
0x00007ffb96400000 - 0x00007ffb9652a000 	C:\WINDOWS\System32\RPCRT4.dll
0x00007ffb97580000 - 0x00007ffb97588000 	C:\WINDOWS\System32\PSAPI.DLL
0x00007ffb92a50000 - 0x00007ffb92a59000 	C:\WINDOWS\SYSTEM32\WSOCK32.dll
0x00007ffb8e460000 - 0x00007ffb8e487000 	C:\WINDOWS\SYSTEM32\WINMM.dll
0x00007ffb96530000 - 0x00007ffb9659b000 	C:\WINDOWS\System32\WS2_32.dll
0x00007ffb8e850000 - 0x00007ffb8e85a000 	C:\WINDOWS\SYSTEM32\VERSION.dll
0x00007ffb93860000 - 0x00007ffb93872000 	C:\WINDOWS\SYSTEM32\kernel.appcore.dll
0x00007ffb7edc0000 - 0x00007ffb7edd1000 	C:\Program Files\Android\Android Studio\jre\bin\verify.dll
0x00007ffb94f80000 - 0x00007ffb95164000 	C:\WINDOWS\SYSTEM32\DBGHELP.DLL
0x00007ffb94db0000 - 0x00007ffb94ddc000 	C:\WINDOWS\SYSTEM32\dbgcore.DLL
0x00007ffb95750000 - 0x00007ffb957d3000 	C:\WINDOWS\System32\bcryptPrimitives.dll
0x00007ffb6db40000 - 0x00007ffb6db69000 	C:\Program Files\Android\Android Studio\jre\bin\java.dll
0x00007ffb8da00000 - 0x00007ffb8da0b000 	C:\Program Files\Android\Android Studio\jre\bin\jimage.dll
0x00007ffb6d490000 - 0x00007ffb6d4a8000 	C:\Program Files\Android\Android Studio\jre\bin\zip.dll
0x00007ffb96c70000 - 0x00007ffb973af000 	C:\WINDOWS\System32\SHELL32.dll
0x00007ffb930a0000 - 0x00007ffb93830000 	C:\WINDOWS\SYSTEM32\windows.storage.dll
0x00007ffb97ad0000 - 0x00007ffb97e25000 	C:\WINDOWS\System32\combase.dll
0x00007ffb94970000 - 0x00007ffb9499c000 	C:\WINDOWS\SYSTEM32\Wldp.dll
0x00007ffb973f0000 - 0x00007ffb9749e000 	C:\WINDOWS\System32\SHCORE.dll
0x00007ffb963a0000 - 0x00007ffb963f5000 	C:\WINDOWS\System32\shlwapi.dll
0x00007ffb95540000 - 0x00007ffb9555f000 	C:\WINDOWS\SYSTEM32\profapi.dll
0x00007ffb6b510000 - 0x00007ffb6b52a000 	C:\Program Files\Android\Android Studio\jre\bin\net.dll
0x00007ffb89330000 - 0x00007ffb89438000 	C:\WINDOWS\SYSTEM32\WINHTTP.dll
0x00007ffb94840000 - 0x00007ffb948aa000 	C:\WINDOWS\system32\mswsock.dll
0x00007ffb6aca0000 - 0x00007ffb6acb4000 	C:\Program Files\Android\Android Studio\jre\bin\nio.dll
0x00007ffb7bae0000 - 0x00007ffb7bb06000 	C:\Users\kma_s\.gradle\native\fdc75f09e3144964f2cf3f50f0aa648679c211496f362492102eb8c894070792\windows-amd64\native-platform.dll
0x00007ffb560a0000 - 0x00007ffb56231000 	C:\Users\kma_s\.gradle\native\12488b8bf47d2d4c9fbf2f6322a914ad602e24e48041cd04a747c6da556b65c4\windows-amd64\native-platform-file-events.dll
0x00007ffb92c90000 - 0x00007ffb92c9a000 	C:\Program Files\Android\Android Studio\jre\bin\management.dll
0x00007ffb92c80000 - 0x00007ffb92c8c000 	C:\Program Files\Android\Android Studio\jre\bin\management_ext.dll
0x00007ffb95310000 - 0x00007ffb95328000 	C:\WINDOWS\SYSTEM32\CRYPTSP.dll
0x00007ffb94010000 - 0x00007ffb94044000 	C:\WINDOWS\system32\rsaenh.dll
0x00007ffb95da0000 - 0x00007ffb95dc7000 	C:\WINDOWS\System32\bcrypt.dll
0x00007ffb95500000 - 0x00007ffb9552e000 	C:\WINDOWS\SYSTEM32\USERENV.dll
0x00007ffb947b0000 - 0x00007ffb947bc000 	C:\WINDOWS\SYSTEM32\CRYPTBASE.dll
0x00007ffb94360000 - 0x00007ffb9439b000 	C:\WINDOWS\SYSTEM32\IPHLPAPI.DLL
0x00007ffb973b0000 - 0x00007ffb973b8000 	C:\WINDOWS\System32\NSI.dll
0x00007ffb8f3c0000 - 0x00007ffb8f3d7000 	C:\WINDOWS\SYSTEM32\dhcpcsvc6.DLL
0x00007ffb8f3a0000 - 0x00007ffb8f3bd000 	C:\WINDOWS\SYSTEM32\dhcpcsvc.DLL
0x00007ffb943a0000 - 0x00007ffb9446c000 	C:\WINDOWS\SYSTEM32\DNSAPI.dll
0x00007ffb8f3e0000 - 0x00007ffb8f3eb000 	C:\WINDOWS\SYSTEM32\WINNSI.DLL

dbghelp: loaded successfully - version: 4.0.5 - missing functions: none
symbol engine: initialized successfully - sym options: 0x614 - pdb path: .;C:\Program Files\Android\Android Studio\jre\bin;C:\WINDOWS\SYSTEM32;C:\WINDOWS\WinSxS\amd64_microsoft.windows.common-controls_6595b64144ccf1df_6.0.19041.1110_none_60b5254171f9507e;C:\Program Files\Android\Android Studio\jre\bin\server;C:\Users\kma_s\.gradle\native\fdc75f09e3144964f2cf3f50f0aa648679c211496f362492102eb8c894070792\windows-amd64;C:\Users\kma_s\.gradle\native\12488b8bf47d2d4c9fbf2f6322a914ad602e24e48041cd04a747c6da556b65c4\windows-amd64

VM Arguments:
jvm_args: --add-opens=java.base/java.util=ALL-UNNAMED --add-opens=java.base/java.lang=ALL-UNNAMED --add-opens=java.base/java.lang.invoke=ALL-UNNAMED --add-opens=java.prefs/java.util.prefs=ALL-UNNAMED -Xmx1536m -Dfile.encoding=windows-1252 -Duser.country=BR -Duser.language=pt -Duser.variant 
java_command: org.gradle.launcher.daemon.bootstrap.GradleDaemon 6.8.3
java_class_path (initial): C:\Users\kma_s\.gradle\wrapper\dists\gradle-6.8.3-bin\7ykxq50lst7lb7wx1nijpicxn\gradle-6.8.3\lib\gradle-launcher-6.8.3.jar
Launcher Type: SUN_STANDARD

[Global flags]
     intx CICompilerCount                          = 3                                         {product} {ergonomic}
     uint ConcGCThreads                            = 1                                         {product} {ergonomic}
     uint G1ConcRefinementThreads                  = 4                                         {product} {ergonomic}
   size_t G1HeapRegionSize                         = 1048576                                   {product} {ergonomic}
    uintx GCDrainStackTargetSize                   = 64                                        {product} {ergonomic}
   size_t InitialHeapSize                          = 132120576                                 {product} {ergonomic}
   size_t MarkStackSize                            = 4194304                                   {product} {ergonomic}
   size_t MaxHeapSize                              = 1610612736                                {product} {command line}
   size_t MaxNewSize                               = 965738496                                 {product} {ergonomic}
   size_t MinHeapDeltaBytes                        = 1048576                                   {product} {ergonomic}
    uintx NonNMethodCodeHeapSize                   = 5830732                                {pd product} {ergonomic}
    uintx NonProfiledCodeHeapSize                  = 122913754                              {pd product} {ergonomic}
    uintx ProfiledCodeHeapSize                     = 122913754                              {pd product} {ergonomic}
    uintx ReservedCodeCacheSize                    = 251658240                              {pd product} {ergonomic}
     bool SegmentedCodeCache                       = true                                      {product} {ergonomic}
     bool UseCompressedClassPointers               = true                                 {lp64_product} {ergonomic}
     bool UseCompressedOops                        = true                                 {lp64_product} {ergonomic}
     bool UseG1GC                                  = true                                      {product} {ergonomic}
     bool UseLargePagesIndividualAllocation        = false                                  {pd product} {ergonomic}

Logging:
Log output configuration:
 #0: stdout all=warning uptime,level,tags
 #1: stderr all=off uptime,level,tags

Environment Variables:
JAVA_HOME=C:\Program Files\Java\jdk-13.0.1
PATH=C:\WINDOWS\system32;C:\WINDOWS;C:\WINDOWS\System32\Wbem;C:\WINDOWS\System32\WindowsPowerShell\v1.0\;C:\WINDOWS\System32\OpenSSH\;C:\Program Files\dotnet\;C:\Program Files\TortoiseSVN\bin;C:\Program Files\Git\cmd;C:\flutter\bin;C:\Users\kma_s\AppData\Local\Microsoft\WindowsApps;C:\Users\kma_s\AppData\Local\Programs\Microsoft VS Code\bin;C:\Users\kma_s\AppData\Local\Microsoft\WindowsApps;C:\Users\kma_s\.dotnet\tools;C:\Users\kma_s\AppData\Local\JetBrains\JetBrains Rider 2020.3.4\bin;;C:\Users\kma_s\AppData\Local\GitHubDesktop\bin
USERNAME=kma_s
OS=Windows_NT
PROCESSOR_IDENTIFIER=Intel64 Family 6 Model 60 Stepping 3, GenuineIntel



---------------  S Y S T E M  ---------------

OS: Windows 10 , 64 bit Build 19041 (10.0.19041.1151)
OS uptime: 0 days 3:04 hours

CPU:total 4 (initial active 4) (4 cores per cpu, 1 threads per core) family 6 model 60 stepping 3, cmov, cx8, fxsr, mmx, sse, sse2, sse3, ssse3, sse4.1, sse4.2, popcnt, avx, avx2, aes, clmul, erms, lzcnt, tsc, tscinvbit, bmi1, bmi2, fma

Memory: 4k page, system-wide physical 8059M (2592M free)
TotalPageFile size 16555M (AvailPageFile size 9444M)
current process WorkingSet (physical memory assigned to process): 257M, peak: 262M
current process commit charge ("private bytes"): 298M, peak: 301M

vm_info: OpenJDK 64-Bit Server VM (11.0.8+10-b944.6842174) for windows-amd64 JRE (11.0.8+10-b944.6842174), built on Sep 19 2020 01:11:42 by "builder" with MS VC++ 14.0 (VS2015)

END.
